{"meta": {"format": 3, "version": "7.11.0", "timestamp": "2025-10-30T13:20:17.195428", "branch_coverage": false, "show_contexts": false}, "files": {"src/birre/__init__.py": {"executed_lines": [1, 3, 9, 11], "summary": {"covered_lines": 3, "num_statements": 3, "percent_covered": 100.0, "percent_covered_display": "100", "missing_lines": 0, "excluded_lines": 0}, "missing_lines": [], "excluded_lines": [], "functions": {"": {"executed_lines": [1, 3, 9, 11], "summary": {"covered_lines": 3, "num_statements": 3, "percent_covered": 100.0, "percent_covered_display": "100", "missing_lines": 0, "excluded_lines": 0}, "missing_lines": [], "excluded_lines": []}}, "classes": {"": {"executed_lines": [1, 3, 9, 11], "summary": {"covered_lines": 3, "num_statements": 3, "percent_covered": 100.0, "percent_covered_display": "100", "missing_lines": 0, "excluded_lines": 0}, "missing_lines": [], "excluded_lines": []}}}, "src/birre/application/__init__.py": {"executed_lines": [1, 3, 4, 6], "summary": {"covered_lines": 3, "num_statements": 3, "percent_covered": 100.0, "percent_covered_display": "100", "missing_lines": 0, "excluded_lines": 0}, "missing_lines": [], "excluded_lines": [], "functions": {"": {"executed_lines": [1, 3, 4, 6], "summary": {"covered_lines": 3, "num_statements": 3, "percent_covered": 100.0, "percent_covered_display": "100", "missing_lines": 0, "excluded_lines": 0}, "missing_lines": [], "excluded_lines": []}}, "classes": {"": {"executed_lines": [1, 3, 4, 6], "summary": {"covered_lines": 3, "num_statements": 3, "percent_covered": 100.0, "percent_covered_display": "100", "missing_lines": 0, "excluded_lines": 0}, "missing_lines": [], "excluded_lines": []}}}, "src/birre/application/diagnostics.py": {"executed_lines": [1, 12, 14, 15, 16, 17, 18, 19, 20, 21, 23, 25, 26, 27, 28, 35, 36, 37, 38, 40, 42, 44, 45, 58, 59, 60, 61, 62, 63, 65, 66, 67, 68, 71, 75, 76, 77, 80, 89, 91, 102, 103, 105, 106, 112, 119, 120, 122, 123, 132, 133, 137, 142, 143, 144, 147, 148, 149, 150, 153, 154, 157, 158, 160, 163, 168, 170, 171, 176, 177, 178, 179, 182, 183, 186, 187, 191, 198, 199, 202, 205, 211, 212, 219, 227, 238, 255, 256, 285, 286, 295, 298, 308, 309, 310, 316, 318, 319, 348, 349, 360, 363, 373, 374, 376, 377, 378, 386, 387, 389, 391, 401, 403, 413, 415, 424, 426, 435, 437, 446, 448, 451, 460, 461, 462, 463, 464, 465, 466, 491, 496, 503, 504, 505, 509, 575, 584, 585, 586, 587, 588, 589, 590, 613, 614, 620, 621, 622, 623, 650, 659, 660, 665, 666, 667, 668, 669, 692, 693, 699, 700, 701, 702, 708, 717, 718, 719, 720, 721, 722, 723, 747, 752, 758, 759, 760, 761, 767, 776, 777, 778, 779, 780, 781, 782, 789, 791, 792, 807, 808, 815, 816, 817, 821, 843, 857, 866, 872, 876, 877, 878, 900, 905, 912, 913, 917, 965, 966, 970, 971, 972, 1007, 1013, 1017, 1018, 1019, 1047, 1061, 1109, 1110, 1112, 1114, 1121, 1122, 1124, 1127, 1128, 1130, 1132, 1133, 1135, 1137, 1140, 1141, 1142, 1143, 1145, 1146, 1148, 1150, 1153, 1154, 1158, 1159, 1160, 1162, 1163, 1165, 1166, 1169, 1181, 1185, 1186, 1187, 1188, 1189, 1191, 1192, 1193, 1194, 1195, 1198, 1199, 1201, 1202, 1203, 1206, 1213, 1214, 1220, 1221, 1223, 1230, 1231, 1232, 1233, 1234, 1235, 1238, 1239, 1240, 1246, 1248, 1251, 1258, 1260, 1261, 1263, 1264, 1270, 1271, 1279, 1280, 1288, 1289, 1290, 1291, 1292, 1298, 1299, 1303, 1306], "summary": {"covered_lines": 292, "num_statements": 530, "percent_covered": 55.094339622641506, "percent_covered_display": "55", "missing_lines": 238, "excluded_lines": 68}, "missing_lines": [72, 90, 104, 107, 108, 109, 121, 124, 125, 126, 127, 128, 129, 131, 134, 145, 156, 172, 185, 200, 220, 221, 222, 223, 224, 239, 245, 246, 252, 253, 388, 511, 512, 514, 515, 544, 549, 556, 557, 558, 562, 566, 568, 569, 571, 572, 625, 626, 627, 632, 638, 639, 640, 644, 646, 647, 704, 705, 763, 764, 823, 828, 834, 835, 836, 837, 839, 840, 844, 845, 846, 847, 848, 853, 854, 858, 859, 860, 861, 862, 863, 873, 874, 880, 881, 882, 883, 885, 886, 887, 889, 890, 891, 892, 894, 895, 897, 906, 910, 919, 920, 921, 925, 927, 928, 929, 933, 934, 935, 936, 940, 941, 942, 943, 947, 949, 950, 951, 955, 957, 958, 959, 960, 962, 967, 968, 974, 975, 976, 977, 978, 980, 981, 982, 983, 985, 986, 987, 988, 990, 991, 992, 993, 994, 995, 996, 997, 999, 1000, 1001, 1002, 1004, 1014, 1015, 1021, 1022, 1023, 1024, 1026, 1027, 1028, 1033, 1035, 1036, 1037, 1038, 1042, 1044, 1048, 1049, 1050, 1051, 1052, 1053, 1054, 1055, 1056, 1057, 1058, 1067, 1068, 1069, 1071, 1072, 1073, 1075, 1076, 1077, 1078, 1081, 1082, 1083, 1084, 1086, 1087, 1090, 1091, 1092, 1093, 1094, 1095, 1098, 1099, 1102, 1103, 1104, 1106, 1111, 1113, 1115, 1116, 1117, 1118, 1119, 1120, 1123, 1129, 1131, 1134, 1136, 1144, 1147, 1149, 1161, 1170, 1171, 1175, 1190, 1200, 1215, 1216, 1217, 1218, 1224, 1228, 1247, 1300, 1301], "excluded_lines": [151, 152, 180, 181, 264, 265, 272, 273, 282, 283, 327, 328, 335, 336, 345, 346, 472, 473, 474, 482, 483, 484, 489, 521, 522, 523, 531, 532, 533, 538, 542, 596, 597, 598, 605, 606, 607, 611, 675, 676, 677, 684, 685, 686, 690, 730, 731, 732, 739, 740, 741, 745, 789, 791, 792, 793, 798, 799, 800, 804, 807, 808, 815, 816, 817, 821, 1293, 1294], "functions": {"_default_run_sync": {"executed_lines": [], "summary": {"covered_lines": 0, "num_statements": 1, "percent_covered": 0.0, "percent_covered_display": "0", "missing_lines": 1, "excluded_lines": 0}, "missing_lines": [72], "excluded_lines": []}, "_sync": {"executed_lines": [76, 77], "summary": {"covered_lines": 2, "num_statements": 2, "percent_covered": 100.0, "percent_covered_display": "100", "missing_lines": 0, "excluded_lines": 0}, "missing_lines": [], "excluded_lines": []}, "record_failure": {"executed_lines": [89, 91], "summary": {"covered_lines": 2, "num_statements": 3, "percent_covered": 66.66666666666667, "percent_covered_display": "67", "missing_lines": 1, "excluded_lines": 0}, "missing_lines": [90], "excluded_lines": []}, "_resolve_tool_callable": {"executed_lines": [103, 105, 106], "summary": {"covered_lines": 3, "num_statements": 7, "percent_covered": 42.857142857142854, "percent_covered_display": "43", "missing_lines": 4, "excluded_lines": 0}, "missing_lines": [104, 107, 108, 109], "excluded_lines": []}, "_invoke_tool": {"executed_lines": [119, 120, 122, 123, 132, 133], "summary": {"covered_lines": 6, "num_statements": 15, "percent_covered": 40.0, "percent_covered_display": "40", "missing_lines": 9, "excluded_lines": 0}, "missing_lines": [121, 124, 125, 126, 127, 128, 129, 131, 134], "excluded_lines": []}, "discover_context_tools": {"executed_lines": [142, 143, 144, 147, 148, 149, 150, 153, 154, 157, 158, 160], "summary": {"covered_lines": 12, "num_statements": 14, "percent_covered": 85.71428571428571, "percent_covered_display": "86", "missing_lines": 2, "excluded_lines": 2}, "missing_lines": [145, 156], "excluded_lines": [151, 152]}, "collect_tool_map": {"executed_lines": [168, 170, 171, 176, 177, 178, 179, 182, 183, 186, 187, 191, 198, 199, 202], "summary": {"covered_lines": 15, "num_statements": 18, "percent_covered": 83.33333333333333, "percent_covered_display": "83", "missing_lines": 3, "excluded_lines": 2}, "missing_lines": [172, 185, 200], "excluded_lines": [180, 181]}, "prepare_server": {"executed_lines": [211, 212], "summary": {"covered_lines": 2, "num_statements": 2, "percent_covered": 100.0, "percent_covered_display": "100", "missing_lines": 0, "excluded_lines": 0}, "missing_lines": [], "excluded_lines": []}, "_validate_positive": {"executed_lines": [], "summary": {"covered_lines": 0, "num_statements": 5, "percent_covered": 0.0, "percent_covered_display": "0", "missing_lines": 5, "excluded_lines": 0}, "missing_lines": [220, 221, 222, 223, 224], "excluded_lines": []}, "check_required_tool": {"executed_lines": [238, 255, 256, 285, 286, 295], "summary": {"covered_lines": 6, "num_statements": 11, "percent_covered": 54.54545454545455, "percent_covered_display": "55", "missing_lines": 5, "excluded_lines": 6}, "missing_lines": [239, 245, 246, 252, 253], "excluded_lines": [264, 265, 272, 273, 282, 283]}, "check_optional_tool": {"executed_lines": [308, 309, 310, 316, 318, 319, 348, 349, 360], "summary": {"covered_lines": 9, "num_statements": 9, "percent_covered": 100.0, "percent_covered_display": "100", "missing_lines": 0, "excluded_lines": 6}, "missing_lines": [], "excluded_lines": [327, 328, 335, 336, 345, 346]}, "run_context_tool_diagnostics": {"executed_lines": [373, 374, 376, 377, 378, 386, 391, 401, 403, 413, 415, 424, 426, 435, 437, 446, 448], "summary": {"covered_lines": 17, "num_statements": 17, "percent_covered": 100.0, "percent_covered_display": "100", "missing_lines": 0, "excluded_lines": 0}, "missing_lines": [], "excluded_lines": []}, "run_context_tool_diagnostics.summary_entry": {"executed_lines": [387, 389], "summary": {"covered_lines": 2, "num_statements": 3, "percent_covered": 66.66666666666667, "percent_covered_display": "67", "missing_lines": 1, "excluded_lines": 0}, "missing_lines": [388], "excluded_lines": []}, "run_company_search_diagnostics": {"executed_lines": [460, 461, 462, 463, 464, 465, 466, 491, 496, 503, 504, 505, 509], "summary": {"covered_lines": 13, "num_statements": 28, "percent_covered": 46.42857142857143, "percent_covered_display": "46", "missing_lines": 15, "excluded_lines": 15}, "missing_lines": [511, 512, 514, 515, 544, 549, 556, 557, 558, 562, 566, 568, 569, 571, 572], "excluded_lines": [472, 473, 474, 482, 483, 484, 489, 521, 522, 523, 531, 532, 533, 538, 542]}, "run_rating_diagnostics": {"executed_lines": [584, 585, 586, 587, 588, 589, 590, 613, 614, 620, 621, 622, 623], "summary": {"covered_lines": 13, "num_statements": 23, "percent_covered": 56.52173913043478, "percent_covered_display": "57", "missing_lines": 10, "excluded_lines": 7}, "missing_lines": [625, 626, 627, 632, 638, 639, 640, 644, 646, 647], "excluded_lines": [596, 597, 598, 605, 606, 607, 611]}, "run_company_search_interactive_diagnostics": {"executed_lines": [659, 660, 665, 666, 667, 668, 669, 692, 693, 699, 700, 701, 702], "summary": {"covered_lines": 13, "num_statements": 15, "percent_covered": 86.66666666666667, "percent_covered_display": "87", "missing_lines": 2, "excluded_lines": 7}, "missing_lines": [704, 705], "excluded_lines": [675, 676, 677, 684, 685, 686, 690]}, "run_manage_subscriptions_diagnostics": {"executed_lines": [717, 718, 719, 720, 721, 722, 723, 747, 752, 758, 759, 760, 761], "summary": {"covered_lines": 13, "num_statements": 15, "percent_covered": 86.66666666666667, "percent_covered_display": "87", "missing_lines": 2, "excluded_lines": 7}, "missing_lines": [763, 764], "excluded_lines": [730, 731, 732, 739, 740, 741, 745]}, "run_request_company_diagnostics": {"executed_lines": [776, 777, 778, 779, 780, 781, 782, 789, 791, 792, 807, 808, 815, 816, 817, 821], "summary": {"covered_lines": 7, "num_statements": 15, "percent_covered": 46.666666666666664, "percent_covered_display": "47", "missing_lines": 8, "excluded_lines": 14}, "missing_lines": [823, 828, 834, 835, 836, 837, 839, 840], "excluded_lines": [789, 791, 792, 793, 798, 799, 800, 804, 807, 808, 815, 816, 817, 821]}, "_validate_company_entry": {"executed_lines": [], "summary": {"covered_lines": 0, "num_statements": 7, "percent_covered": 0.0, "percent_covered_display": "0", "missing_lines": 7, "excluded_lines": 0}, "missing_lines": [844, 845, 846, 847, 848, 853, 854], "excluded_lines": []}, "_check_domain_match": {"executed_lines": [], "summary": {"covered_lines": 0, "num_statements": 6, "percent_covered": 0.0, "percent_covered_display": "0", "missing_lines": 6, "excluded_lines": 0}, "missing_lines": [858, 859, 860, 861, 862, 863], "excluded_lines": []}, "_validate_company_search_payload": {"executed_lines": [872, 876, 877, 878], "summary": {"covered_lines": 4, "num_statements": 20, "percent_covered": 20.0, "percent_covered_display": "20", "missing_lines": 16, "excluded_lines": 0}, "missing_lines": [873, 874, 880, 881, 882, 883, 885, 886, 887, 889, 890, 891, 892, 894, 895, 897], "excluded_lines": []}, "_validate_company_search_interactive_payload": {"executed_lines": [905, 912, 913, 917], "summary": {"covered_lines": 4, "num_statements": 31, "percent_covered": 12.903225806451612, "percent_covered_display": "13", "missing_lines": 27, "excluded_lines": 0}, "missing_lines": [906, 910, 919, 920, 921, 925, 927, 928, 929, 933, 934, 935, 936, 940, 941, 942, 943, 947, 949, 950, 951, 955, 957, 958, 959, 960, 962], "excluded_lines": []}, "_validate_rating_payload": {"executed_lines": [966, 970, 971, 972], "summary": {"covered_lines": 4, "num_statements": 32, "percent_covered": 12.5, "percent_covered_display": "12", "missing_lines": 28, "excluded_lines": 0}, "missing_lines": [967, 968, 974, 975, 976, 977, 978, 980, 981, 982, 983, 985, 986, 987, 988, 990, 991, 992, 993, 994, 995, 996, 997, 999, 1000, 1001, 1002, 1004], "excluded_lines": []}, "_validate_manage_subscriptions_payload": {"executed_lines": [1013, 1017, 1018, 1019], "summary": {"covered_lines": 4, "num_statements": 20, "percent_covered": 20.0, "percent_covered_display": "20", "missing_lines": 16, "excluded_lines": 0}, "missing_lines": [1014, 1015, 1021, 1022, 1023, 1024, 1026, 1027, 1028, 1033, 1035, 1036, 1037, 1038, 1042, 1044], "excluded_lines": []}, "_validate_request_company_domains": {"executed_lines": [], "summary": {"covered_lines": 0, "num_statements": 11, "percent_covered": 0.0, "percent_covered_display": "0", "missing_lines": 11, "excluded_lines": 0}, "missing_lines": [1048, 1049, 1050, 1051, 1052, 1053, 1054, 1055, 1056, 1057, 1058], "excluded_lines": []}, "_validate_request_company_payload": {"executed_lines": [], "summary": {"covered_lines": 0, "num_statements": 28, "percent_covered": 0.0, "percent_covered_display": "0", "missing_lines": 28, "excluded_lines": 0}, "missing_lines": [1067, 1068, 1069, 1071, 1072, 1073, 1075, 1076, 1077, 1078, 1081, 1082, 1083, 1084, 1086, 1087, 1090, 1091, 1092, 1093, 1094, 1095, 1098, 1099, 1102, 1103, 1104, 1106], "excluded_lines": []}, "_is_tls_exception": {"executed_lines": [1110, 1112, 1114, 1121, 1122, 1124], "summary": {"covered_lines": 6, "num_statements": 15, "percent_covered": 40.0, "percent_covered_display": "40", "missing_lines": 9, "excluded_lines": 0}, "missing_lines": [1111, 1113, 1115, 1116, 1117, 1118, 1119, 1120, 1123], "excluded_lines": []}, "_is_missing_ca_bundle_exception": {"executed_lines": [1128, 1130, 1132, 1133, 1135, 1137], "summary": {"covered_lines": 6, "num_statements": 10, "percent_covered": 60.0, "percent_covered_display": "60", "missing_lines": 4, "excluded_lines": 0}, "missing_lines": [1129, 1131, 1134, 1136], "excluded_lines": []}, "classify_failure": {"executed_lines": [1141, 1142, 1143, 1145, 1146, 1148, 1150], "summary": {"covered_lines": 7, "num_statements": 10, "percent_covered": 70.0, "percent_covered_display": "70", "missing_lines": 3, "excluded_lines": 0}, "missing_lines": [1144, 1147, 1149], "excluded_lines": []}, "summarize_failure": {"executed_lines": [1154, 1158, 1159, 1160, 1162, 1163, 1165, 1166], "summary": {"covered_lines": 8, "num_statements": 9, "percent_covered": 88.88888888888889, "percent_covered_display": "89", "missing_lines": 1, "excluded_lines": 0}, "missing_lines": [1161], "excluded_lines": []}, "_create_offline_tool_status": {"executed_lines": [], "summary": {"covered_lines": 0, "num_statements": 3, "percent_covered": 0.0, "percent_covered_display": "0", "missing_lines": 3, "excluded_lines": 0}, "missing_lines": [1170, 1171, 1175], "excluded_lines": []}, "_collect_tool_attempts": {"executed_lines": [1185, 1186, 1187, 1188, 1189, 1191, 1192, 1193, 1194, 1195], "summary": {"covered_lines": 10, "num_statements": 11, "percent_covered": 90.9090909090909, "percent_covered_display": "91", "missing_lines": 1, "excluded_lines": 0}, "missing_lines": [1190], "excluded_lines": []}, "_determine_final_status": {"executed_lines": [1199, 1201, 1202, 1203], "summary": {"covered_lines": 4, "num_statements": 5, "percent_covered": 80.0, "percent_covered_display": "80", "missing_lines": 1, "excluded_lines": 0}, "missing_lines": [1200], "excluded_lines": []}, "aggregate_tool_outcomes": {"executed_lines": [1213, 1214, 1220, 1221, 1223, 1230, 1231, 1232, 1233, 1234, 1235], "summary": {"covered_lines": 11, "num_statements": 17, "percent_covered": 64.70588235294117, "percent_covered_display": "65", "missing_lines": 6, "excluded_lines": 0}, "missing_lines": [1215, 1216, 1217, 1218, 1224, 1228], "excluded_lines": []}, "run_offline_checks": {"executed_lines": [1239, 1240, 1246, 1248], "summary": {"covered_lines": 4, "num_statements": 5, "percent_covered": 80.0, "percent_covered_display": "80", "missing_lines": 1, "excluded_lines": 0}, "missing_lines": [1247], "excluded_lines": []}, "run_online_checks": {"executed_lines": [1258, 1260, 1261, 1263, 1303], "summary": {"covered_lines": 5, "num_statements": 5, "percent_covered": 100.0, "percent_covered_display": "100", "missing_lines": 0, "excluded_lines": 0}, "missing_lines": [], "excluded_lines": []}, "run_online_checks._execute_checks": {"executed_lines": [1264, 1270, 1279, 1280, 1288, 1289, 1290, 1291, 1292, 1298, 1299], "summary": {"covered_lines": 11, "num_statements": 13, "percent_covered": 84.61538461538461, "percent_covered_display": "85", "missing_lines": 2, "excluded_lines": 2}, "missing_lines": [1300, 1301], "excluded_lines": [1293, 1294]}, "run_online_checks._execute_checks.call_v1_tool": {"executed_lines": [1271], "summary": {"covered_lines": 1, "num_statements": 1, "percent_covered": 100.0, "percent_covered_display": "100", "missing_lines": 0, "excluded_lines": 0}, "missing_lines": [], "excluded_lines": []}, "": {"executed_lines": [1, 12, 14, 15, 16, 17, 18, 19, 20, 21, 23, 25, 26, 27, 28, 35, 36, 37, 38, 40, 42, 44, 45, 58, 59, 60, 61, 62, 63, 65, 66, 67, 68, 71, 75, 80, 102, 112, 137, 163, 205, 219, 227, 298, 363, 451, 575, 650, 708, 767, 843, 857, 866, 900, 965, 1007, 1047, 1061, 1109, 1127, 1140, 1153, 1169, 1181, 1198, 1206, 1238, 1251, 1306], "summary": {"covered_lines": 68, "num_statements": 68, "percent_covered": 100.0, "percent_covered_display": "100", "missing_lines": 0, "excluded_lines": 0}, "missing_lines": [], "excluded_lines": []}}, "classes": {"": {"executed_lines": [1, 12, 14, 15, 16, 17, 18, 19, 20, 21, 23, 25, 26, 27, 28, 35, 36, 37, 38, 40, 42, 44, 45, 58, 59, 60, 61, 62, 63, 65, 66, 67, 68, 71, 75, 76, 77, 80, 89, 91, 102, 103, 105, 106, 112, 119, 120, 122, 123, 132, 133, 137, 142, 143, 144, 147, 148, 149, 150, 153, 154, 157, 158, 160, 163, 168, 170, 171, 176, 177, 178, 179, 182, 183, 186, 187, 191, 198, 199, 202, 205, 211, 212, 219, 227, 238, 255, 256, 285, 286, 295, 298, 308, 309, 310, 316, 318, 319, 348, 349, 360, 363, 373, 374, 376, 377, 378, 386, 387, 389, 391, 401, 403, 413, 415, 424, 426, 435, 437, 446, 448, 451, 460, 461, 462, 463, 464, 465, 466, 491, 496, 503, 504, 505, 509, 575, 584, 585, 586, 587, 588, 589, 590, 613, 614, 620, 621, 622, 623, 650, 659, 660, 665, 666, 667, 668, 669, 692, 693, 699, 700, 701, 702, 708, 717, 718, 719, 720, 721, 722, 723, 747, 752, 758, 759, 760, 761, 767, 776, 777, 778, 779, 780, 781, 782, 789, 791, 792, 807, 808, 815, 816, 817, 821, 843, 857, 866, 872, 876, 877, 878, 900, 905, 912, 913, 917, 965, 966, 970, 971, 972, 1007, 1013, 1017, 1018, 1019, 1047, 1061, 1109, 1110, 1112, 1114, 1121, 1122, 1124, 1127, 1128, 1130, 1132, 1133, 1135, 1137, 1140, 1141, 1142, 1143, 1145, 1146, 1148, 1150, 1153, 1154, 1158, 1159, 1160, 1162, 1163, 1165, 1166, 1169, 1181, 1185, 1186, 1187, 1188, 1189, 1191, 1192, 1193, 1194, 1195, 1198, 1199, 1201, 1202, 1203, 1206, 1213, 1214, 1220, 1221, 1223, 1230, 1231, 1232, 1233, 1234, 1235, 1238, 1239, 1240, 1246, 1248, 1251, 1258, 1260, 1261, 1263, 1264, 1270, 1271, 1279, 1280, 1288, 1289, 1290, 1291, 1292, 1298, 1299, 1303, 1306], "summary": {"covered_lines": 292, "num_statements": 530, "percent_covered": 55.094339622641506, "percent_covered_display": "55", "missing_lines": 238, "excluded_lines": 68}, "missing_lines": [72, 90, 104, 107, 108, 109, 121, 124, 125, 126, 127, 128, 129, 131, 134, 145, 156, 172, 185, 200, 220, 221, 222, 223, 224, 239, 245, 246, 252, 253, 388, 511, 512, 514, 515, 544, 549, 556, 557, 558, 562, 566, 568, 569, 571, 572, 625, 626, 627, 632, 638, 639, 640, 644, 646, 647, 704, 705, 763, 764, 823, 828, 834, 835, 836, 837, 839, 840, 844, 845, 846, 847, 848, 853, 854, 858, 859, 860, 861, 862, 863, 873, 874, 880, 881, 882, 883, 885, 886, 887, 889, 890, 891, 892, 894, 895, 897, 906, 910, 919, 920, 921, 925, 927, 928, 929, 933, 934, 935, 936, 940, 941, 942, 943, 947, 949, 950, 951, 955, 957, 958, 959, 960, 962, 967, 968, 974, 975, 976, 977, 978, 980, 981, 982, 983, 985, 986, 987, 988, 990, 991, 992, 993, 994, 995, 996, 997, 999, 1000, 1001, 1002, 1004, 1014, 1015, 1021, 1022, 1023, 1024, 1026, 1027, 1028, 1033, 1035, 1036, 1037, 1038, 1042, 1044, 1048, 1049, 1050, 1051, 1052, 1053, 1054, 1055, 1056, 1057, 1058, 1067, 1068, 1069, 1071, 1072, 1073, 1075, 1076, 1077, 1078, 1081, 1082, 1083, 1084, 1086, 1087, 1090, 1091, 1092, 1093, 1094, 1095, 1098, 1099, 1102, 1103, 1104, 1106, 1111, 1113, 1115, 1116, 1117, 1118, 1119, 1120, 1123, 1129, 1131, 1134, 1136, 1144, 1147, 1149, 1161, 1170, 1171, 1175, 1190, 1200, 1215, 1216, 1217, 1218, 1224, 1228, 1247, 1300, 1301], "excluded_lines": [151, 152, 180, 181, 264, 265, 272, 273, 282, 283, 327, 328, 335, 336, 345, 346, 472, 473, 474, 482, 483, 484, 489, 521, 522, 523, 531, 532, 533, 538, 542, 596, 597, 598, 605, 606, 607, 611, 675, 676, 677, 684, 685, 686, 690, 730, 731, 732, 739, 740, 741, 745, 789, 791, 792, 793, 798, 799, 800, 804, 807, 808, 815, 816, 817, 821, 1293, 1294]}}}, "src/birre/application/server.py": {"executed_lines": [1, 3, 5, 6, 7, 8, 10, 12, 17, 18, 19, 20, 26, 31, 34, 39, 42, 47, 50, 55, 58, 63, 65, 68, 81, 82, 83, 85, 87, 88, 91, 92, 95, 96, 97, 98, 102, 105, 106, 107, 108, 114, 120, 123, 130, 131, 132, 134, 135, 138, 146, 147, 148, 149, 151, 152, 159, 160, 161, 162, 163, 164, 174, 183, 188, 189, 197, 198, 200, 208, 215, 225, 230, 237, 240, 241, 243, 244, 245, 246, 248, 249, 250, 253, 254, 255, 258, 260, 261, 263, 264, 268, 284, 293, 294, 296, 297, 298, 299, 300, 301, 302, 303, 304, 311, 316, 317, 318, 319, 320, 322, 335, 336, 345, 356, 357, 367, 369, 372], "summary": {"covered_lines": 118, "num_statements": 133, "percent_covered": 88.7218045112782, "percent_covered_display": "89", "missing_lines": 15, "excluded_lines": 3}, "missing_lines": [84, 99, 109, 113, 115, 116, 133, 153, 157, 190, 195, 251, 256, 262, 266], "excluded_lines": [165, 166, 171], "functions": {"register_company_rating_tool": {"executed_lines": [31], "summary": {"covered_lines": 1, "num_statements": 1, "percent_covered": 100.0, "percent_covered_display": "100", "missing_lines": 0, "excluded_lines": 0}, "missing_lines": [], "excluded_lines": []}, "register_company_search_tool": {"executed_lines": [39], "summary": {"covered_lines": 1, "num_statements": 1, "percent_covered": 100.0, "percent_covered_display": "100", "missing_lines": 0, "excluded_lines": 0}, "missing_lines": [], "excluded_lines": []}, "register_company_search_interactive_tool": {"executed_lines": [47], "summary": {"covered_lines": 1, "num_statements": 1, "percent_covered": 100.0, "percent_covered_display": "100", "missing_lines": 0, "excluded_lines": 0}, "missing_lines": [], "excluded_lines": []}, "register_manage_subscriptions_tool": {"executed_lines": [55], "summary": {"covered_lines": 1, "num_statements": 1, "percent_covered": 100.0, "percent_covered_display": "100", "missing_lines": 0, "excluded_lines": 0}, "missing_lines": [], "excluded_lines": []}, "register_request_company_tool": {"executed_lines": [63], "summary": {"covered_lines": 1, "num_statements": 1, "percent_covered": 100.0, "percent_covered_display": "100", "missing_lines": 0, "excluded_lines": 0}, "missing_lines": [], "excluded_lines": []}, "_require_api_key": {"executed_lines": [82, 83, 85], "summary": {"covered_lines": 3, "num_statements": 4, "percent_covered": 75.0, "percent_covered_display": "75", "missing_lines": 1, "excluded_lines": 0}, "missing_lines": [84], "excluded_lines": []}, "_resolve_active_context": {"executed_lines": [88], "summary": {"covered_lines": 1, "num_statements": 1, "percent_covered": 100.0, "percent_covered_display": "100", "missing_lines": 0, "excluded_lines": 0}, "missing_lines": [], "excluded_lines": []}, "_resolve_risk_vector_filter": {"executed_lines": [92], "summary": {"covered_lines": 1, "num_statements": 1, "percent_covered": 100.0, "percent_covered_display": "100", "missing_lines": 0, "excluded_lines": 0}, "missing_lines": [], "excluded_lines": []}, "_resolve_max_findings": {"executed_lines": [96, 97, 98], "summary": {"covered_lines": 3, "num_statements": 4, "percent_covered": 75.0, "percent_covered_display": "75", "missing_lines": 1, "excluded_lines": 0}, "missing_lines": [99], "excluded_lines": []}, "_resolve_tls_verification": {"executed_lines": [105, 106, 107, 108, 114, 120], "summary": {"covered_lines": 6, "num_statements": 10, "percent_covered": 60.0, "percent_covered_display": "60", "missing_lines": 4, "excluded_lines": 0}, "missing_lines": [109, 113, 115, 116], "excluded_lines": []}, "_maybe_create_v2_api_server": {"executed_lines": [130, 131, 132, 134, 135], "summary": {"covered_lines": 5, "num_statements": 6, "percent_covered": 83.33333333333333, "percent_covered_display": "83", "missing_lines": 1, "excluded_lines": 0}, "missing_lines": [133], "excluded_lines": []}, "_schedule_tool_disablement": {"executed_lines": [146, 147, 148, 149, 151, 152, 159, 160, 161, 162, 163, 164], "summary": {"covered_lines": 12, "num_statements": 14, "percent_covered": 85.71428571428571, "percent_covered_display": "86", "missing_lines": 2, "excluded_lines": 3}, "missing_lines": [153, 157], "excluded_lines": [165, 166, 171]}, "_configure_risk_manager_tools": {"executed_lines": [183, 188, 189, 197, 198, 200, 208, 215], "summary": {"covered_lines": 8, "num_statements": 10, "percent_covered": 80.0, "percent_covered_display": "80", "missing_lines": 2, "excluded_lines": 0}, "missing_lines": [190, 195], "excluded_lines": []}, "_configure_standard_tools": {"executed_lines": [230], "summary": {"covered_lines": 1, "num_statements": 1, "percent_covered": 100.0, "percent_covered_display": "100", "missing_lines": 0, "excluded_lines": 0}, "missing_lines": [], "excluded_lines": []}, "_coerce_runtime_settings": {"executed_lines": [240, 241, 243, 244, 245, 246, 248, 249, 250, 253, 254, 255, 258, 260, 261, 263, 264, 268], "summary": {"covered_lines": 18, "num_statements": 22, "percent_covered": 81.81818181818181, "percent_covered_display": "82", "missing_lines": 4, "excluded_lines": 0}, "missing_lines": [251, 256, 262, 266], "excluded_lines": []}, "create_birre_server": {"executed_lines": [293, 294, 296, 297, 298, 299, 300, 301, 302, 303, 304, 311, 316, 317, 318, 319, 320, 322, 335, 336, 345, 356, 357, 367, 369], "summary": {"covered_lines": 25, "num_statements": 25, "percent_covered": 100.0, "percent_covered_display": "100", "missing_lines": 0, "excluded_lines": 0}, "missing_lines": [], "excluded_lines": []}, "": {"executed_lines": [1, 3, 5, 6, 7, 8, 10, 12, 17, 18, 19, 20, 26, 34, 42, 50, 58, 65, 68, 81, 87, 91, 95, 102, 123, 138, 174, 225, 237, 284, 372], "summary": {"covered_lines": 30, "num_statements": 30, "percent_covered": 100.0, "percent_covered_display": "100", "missing_lines": 0, "excluded_lines": 0}, "missing_lines": [], "excluded_lines": []}}, "classes": {"": {"executed_lines": [1, 3, 5, 6, 7, 8, 10, 12, 17, 18, 19, 20, 26, 31, 34, 39, 42, 47, 50, 55, 58, 63, 65, 68, 81, 82, 83, 85, 87, 88, 91, 92, 95, 96, 97, 98, 102, 105, 106, 107, 108, 114, 120, 123, 130, 131, 132, 134, 135, 138, 146, 147, 148, 149, 151, 152, 159, 160, 161, 162, 163, 164, 174, 183, 188, 189, 197, 198, 200, 208, 215, 225, 230, 237, 240, 241, 243, 244, 245, 246, 248, 249, 250, 253, 254, 255, 258, 260, 261, 263, 264, 268, 284, 293, 294, 296, 297, 298, 299, 300, 301, 302, 303, 304, 311, 316, 317, 318, 319, 320, 322, 335, 336, 345, 356, 357, 367, 369, 372], "summary": {"covered_lines": 118, "num_statements": 133, "percent_covered": 88.7218045112782, "percent_covered_display": "89", "missing_lines": 15, "excluded_lines": 3}, "missing_lines": [84, 99, 109, 113, 115, 116, 133, 153, 157, 190, 195, 251, 256, 262, 266], "excluded_lines": [165, 166, 171]}}}, "src/birre/application/startup.py": {"executed_lines": [1, 3, 5, 6, 7, 8, 9, 11, 12, 15, 16, 18, 20, 22, 25, 27, 33, 34, 36, 37, 39, 40, 42, 45, 46, 49, 56, 57, 58, 60, 62, 63, 64, 71, 72, 73, 74, 83, 88, 89, 94, 96, 97, 102, 104, 107, 110, 111, 112, 113, 115, 116, 119, 122, 123, 129, 130, 131, 137, 138, 139, 141, 143, 145, 146, 147, 150, 155, 156, 162, 165, 166, 167, 169, 177, 178, 183, 184, 185, 188, 194, 201, 204, 205, 209, 211, 215, 218, 224, 231, 234, 235, 239, 241, 245, 248, 256, 257, 261, 263, 264, 265, 267, 269, 270, 271, 275, 277, 279, 282, 284, 287, 289, 292], "summary": {"covered_lines": 106, "num_statements": 131, "percent_covered": 80.91603053435115, "percent_covered_display": "81", "missing_lines": 25, "excluded_lines": 11}, "missing_lines": [43, 65, 69, 114, 124, 125, 126, 127, 132, 133, 135, 144, 157, 158, 159, 160, 163, 170, 171, 175, 179, 195, 199, 225, 229], "excluded_lines": [17, 18, 19, 20, 21, 22, 75, 76, 81, 115, 116], "functions": {"ToolLoggingContext.info": {"executed_lines": [18], "summary": {"covered_lines": 0, "num_statements": 0, "percent_covered": 100.0, "percent_covered_display": "100", "missing_lines": 0, "excluded_lines": 1}, "missing_lines": [], "excluded_lines": [18]}, "ToolLoggingContext.warning": {"executed_lines": [20], "summary": {"covered_lines": 0, "num_statements": 0, "percent_covered": 100.0, "percent_covered_display": "100", "missing_lines": 0, "excluded_lines": 1}, "missing_lines": [], "excluded_lines": [20]}, "ToolLoggingContext.error": {"executed_lines": [22], "summary": {"covered_lines": 0, "num_statements": 0, "percent_covered": 100.0, "percent_covered_display": "100", "missing_lines": 0, "excluded_lines": 1}, "missing_lines": [], "excluded_lines": [22]}, "_StartupCheckContext.__init__": {"executed_lines": [37], "summary": {"covered_lines": 1, "num_statements": 1, "percent_covered": 100.0, "percent_covered_display": "100", "missing_lines": 0, "excluded_lines": 0}, "missing_lines": [], "excluded_lines": []}, "_StartupCheckContext.info": {"executed_lines": [40], "summary": {"covered_lines": 1, "num_statements": 1, "percent_covered": 100.0, "percent_covered_display": "100", "missing_lines": 0, "excluded_lines": 0}, "missing_lines": [], "excluded_lines": []}, "_StartupCheckContext.warning": {"executed_lines": [], "summary": {"covered_lines": 0, "num_statements": 1, "percent_covered": 0.0, "percent_covered_display": "0", "missing_lines": 1, "excluded_lines": 0}, "missing_lines": [43], "excluded_lines": []}, "_StartupCheckContext.error": {"executed_lines": [46], "summary": {"covered_lines": 1, "num_statements": 1, "percent_covered": 100.0, "percent_covered_display": "100", "missing_lines": 0, "excluded_lines": 0}, "missing_lines": [], "excluded_lines": []}, "run_offline_startup_checks": {"executed_lines": [56, 57, 58, 60, 62, 63, 64, 71, 72, 73, 74, 83, 88, 89, 94, 96, 97, 102, 104], "summary": {"covered_lines": 19, "num_statements": 21, "percent_covered": 90.47619047619048, "percent_covered_display": "90", "missing_lines": 2, "excluded_lines": 3}, "missing_lines": [65, 69], "excluded_lines": [75, 76, 81]}, "_check_api_connectivity": {"executed_lines": [110, 111, 112, 113, 115, 116], "summary": {"covered_lines": 4, "num_statements": 5, "percent_covered": 80.0, "percent_covered_display": "80", "missing_lines": 1, "excluded_lines": 2}, "missing_lines": [114], "excluded_lines": [115, 116]}, "_check_subscription_folder": {"executed_lines": [122, 123, 129, 130, 131, 137, 138, 139, 141, 143, 145, 146, 147], "summary": {"covered_lines": 13, "num_statements": 21, "percent_covered": 61.904761904761905, "percent_covered_display": "62", "missing_lines": 8, "excluded_lines": 0}, "missing_lines": [124, 125, 126, 127, 132, 133, 135, 144], "excluded_lines": []}, "_check_subscription_quota": {"executed_lines": [155, 156, 162, 165, 166, 167, 169, 177, 178, 183, 184, 185], "summary": {"covered_lines": 12, "num_statements": 21, "percent_covered": 57.142857142857146, "percent_covered_display": "57", "missing_lines": 9, "excluded_lines": 0}, "missing_lines": [157, 158, 159, 160, 163, 170, 171, 175, 179], "excluded_lines": []}, "_validate_subscription_folder": {"executed_lines": [194, 201, 204, 205, 209, 211, 215], "summary": {"covered_lines": 7, "num_statements": 9, "percent_covered": 77.77777777777777, "percent_covered_display": "78", "missing_lines": 2, "excluded_lines": 0}, "missing_lines": [195, 199], "excluded_lines": []}, "_validate_subscription_quota": {"executed_lines": [224, 231, 234, 235, 239, 241, 245], "summary": {"covered_lines": 7, "num_statements": 9, "percent_covered": 77.77777777777777, "percent_covered_display": "78", "missing_lines": 2, "excluded_lines": 0}, "missing_lines": [225, 229], "excluded_lines": []}, "run_online_startup_checks": {"executed_lines": [256, 257, 261, 263, 264, 265, 267, 269, 270, 271, 275, 277, 279, 282, 284, 287, 289], "summary": {"covered_lines": 17, "num_statements": 17, "percent_covered": 100.0, "percent_covered_display": "100", "missing_lines": 0, "excluded_lines": 0}, "missing_lines": [], "excluded_lines": []}, "": {"executed_lines": [1, 3, 5, 6, 7, 8, 9, 11, 12, 15, 16, 25, 27, 33, 34, 36, 39, 42, 45, 49, 107, 119, 150, 188, 218, 248, 292], "summary": {"covered_lines": 24, "num_statements": 24, "percent_covered": 100.0, "percent_covered_display": "100", "missing_lines": 0, "excluded_lines": 3}, "missing_lines": [], "excluded_lines": [17, 19, 21]}}, "classes": {"ToolLoggingContext": {"executed_lines": [18, 20, 22], "summary": {"covered_lines": 0, "num_statements": 0, "percent_covered": 100.0, "percent_covered_display": "100", "missing_lines": 0, "excluded_lines": 3}, "missing_lines": [], "excluded_lines": [18, 20, 22]}, "_StartupCheckContext": {"executed_lines": [37, 40, 46], "summary": {"covered_lines": 3, "num_statements": 4, "percent_covered": 75.0, "percent_covered_display": "75", "missing_lines": 1, "excluded_lines": 0}, "missing_lines": [43], "excluded_lines": []}, "": {"executed_lines": [1, 3, 5, 6, 7, 8, 9, 11, 12, 15, 16, 25, 27, 33, 34, 36, 39, 42, 45, 49, 56, 57, 58, 60, 62, 63, 64, 71, 72, 73, 74, 83, 88, 89, 94, 96, 97, 102, 104, 107, 110, 111, 112, 113, 115, 116, 119, 122, 123, 129, 130, 131, 137, 138, 139, 141, 143, 145, 146, 147, 150, 155, 156, 162, 165, 166, 167, 169, 177, 178, 183, 184, 185, 188, 194, 201, 204, 205, 209, 211, 215, 218, 224, 231, 234, 235, 239, 241, 245, 248, 256, 257, 261, 263, 264, 265, 267, 269, 270, 271, 275, 277, 279, 282, 284, 287, 289, 292], "summary": {"covered_lines": 103, "num_statements": 127, "percent_covered": 81.10236220472441, "percent_covered_display": "81", "missing_lines": 24, "excluded_lines": 8}, "missing_lines": [65, 69, 114, 124, 125, 126, 127, 132, 133, 135, 144, 157, 158, 159, 160, 163, 170, 171, 175, 179, 195, 199, 225, 229], "excluded_lines": [17, 19, 21, 75, 76, 81, 115, 116]}}}, "src/birre/cli/__init__.py": {"executed_lines": [1, 3, 4, 6], "summary": {"covered_lines": 3, "num_statements": 3, "percent_covered": 100.0, "percent_covered_display": "100", "missing_lines": 0, "excluded_lines": 0}, "missing_lines": [], "excluded_lines": [], "functions": {"": {"executed_lines": [1, 3, 4, 6], "summary": {"covered_lines": 3, "num_statements": 3, "percent_covered": 100.0, "percent_covered_display": "100", "missing_lines": 0, "excluded_lines": 0}, "missing_lines": [], "excluded_lines": []}}, "classes": {"": {"executed_lines": [1, 3, 4, 6], "summary": {"covered_lines": 3, "num_statements": 3, "percent_covered": 100.0, "percent_covered_display": "100", "missing_lines": 0, "excluded_lines": 0}, "missing_lines": [], "excluded_lines": []}}}, "src/birre/cli/app.py": {"executed_lines": [1, 3, 5, 6, 8, 9, 10, 15, 17, 20, 21, 22, 23, 24, 26, 28, 29, 31, 37, 38, 40, 48, 71, 83, 84, 85, 91, 102, 103, 121, 122], "summary": {"covered_lines": 30, "num_statements": 48, "percent_covered": 62.5, "percent_covered_display": "62", "missing_lines": 18, "excluded_lines": 0}, "missing_lines": [49, 72, 105, 107, 108, 109, 110, 111, 112, 113, 114, 116, 117, 118, 124, 125, 126, 127], "excluded_lines": [], "functions": {"_banner": {"executed_lines": [], "summary": {"covered_lines": 0, "num_statements": 1, "percent_covered": 0.0, "percent_covered_display": "0", "missing_lines": 1, "excluded_lines": 0}, "missing_lines": [49], "excluded_lines": []}, "_keyboard_interrupt_banner": {"executed_lines": [], "summary": {"covered_lines": 0, "num_statements": 1, "percent_covered": 0.0, "percent_covered_display": "0", "missing_lines": 1, "excluded_lines": 0}, "missing_lines": [72], "excluded_lines": []}, "version": {"executed_lines": [], "summary": {"covered_lines": 0, "num_statements": 12, "percent_covered": 0.0, "percent_covered_display": "0", "missing_lines": 12, "excluded_lines": 0}, "missing_lines": [105, 107, 108, 109, 110, 111, 112, 113, 114, 116, 117, 118], "excluded_lines": []}, "readme": {"executed_lines": [], "summary": {"covered_lines": 0, "num_statements": 4, "percent_covered": 0.0, "percent_covered_display": "0", "missing_lines": 4, "excluded_lines": 0}, "missing_lines": [124, 125, 126, 127], "excluded_lines": []}, "": {"executed_lines": [1, 3, 5, 6, 8, 9, 10, 15, 17, 20, 21, 22, 23, 24, 26, 28, 29, 31, 37, 38, 40, 48, 71, 83, 84, 85, 91, 102, 103, 121, 122], "summary": {"covered_lines": 30, "num_statements": 30, "percent_covered": 100.0, "percent_covered_display": "100", "missing_lines": 0, "excluded_lines": 0}, "missing_lines": [], "excluded_lines": []}}, "classes": {"": {"executed_lines": [1, 3, 5, 6, 8, 9, 10, 15, 17, 20, 21, 22, 23, 24, 26, 28, 29, 31, 37, 38, 40, 48, 71, 83, 84, 85, 91, 102, 103, 121, 122], "summary": {"covered_lines": 30, "num_statements": 48, "percent_covered": 62.5, "percent_covered_display": "62", "missing_lines": 18, "excluded_lines": 0}, "missing_lines": [49, 72, 105, 107, 108, 109, 110, 111, 112, 113, 114, 116, 117, 118, 124, 125, 126, 127], "excluded_lines": []}}}, "src/birre/cli/commands/__init__.py": {"executed_lines": [1, 7, 9], "summary": {"covered_lines": 2, "num_statements": 2, "percent_covered": 100.0, "percent_covered_display": "100", "missing_lines": 0, "excluded_lines": 0}, "missing_lines": [], "excluded_lines": [], "functions": {"": {"executed_lines": [1, 7, 9], "summary": {"covered_lines": 2, "num_statements": 2, "percent_covered": 100.0, "percent_covered_display": "100", "missing_lines": 0, "excluded_lines": 0}, "missing_lines": [], "excluded_lines": []}}, "classes": {"": {"executed_lines": [1, 7, 9], "summary": {"covered_lines": 2, "num_statements": 2, "percent_covered": 100.0, "percent_covered_display": "100", "missing_lines": 0, "excluded_lines": 0}, "missing_lines": [], "excluded_lines": []}}}, "src/birre/cli/commands/config.py": {"executed_lines": [1, 3, 5, 6, 7, 8, 9, 10, 12, 13, 14, 15, 16, 17, 19, 20, 26, 27, 28, 29, 30, 34, 55, 61, 63, 66, 70, 73, 76, 83, 84, 85, 87, 88, 89, 91, 92, 96, 99, 102, 112, 120, 123, 124, 125, 126, 127, 128, 131, 134, 135, 138, 140, 142, 143, 144, 147, 150, 154, 157, 158, 159, 161, 163, 164, 167, 171, 172, 173, 175, 176, 178, 179, 182, 184, 185, 187, 188, 191, 193, 194, 196, 198, 201, 214, 215, 216, 218, 226, 227, 231, 232, 233, 234, 237, 245, 246, 247, 249, 250, 252, 253, 254, 257, 261, 262, 264, 269, 270, 271, 274, 277, 281, 284, 285, 286, 287, 288, 289, 290, 291, 292, 296, 300, 301, 302, 304, 305, 309, 310, 311, 312, 313, 316, 318, 319, 320, 321, 325, 327, 329, 333, 335, 337, 341, 345, 347, 348, 349, 351, 353, 355, 357, 360, 362, 363, 364, 365, 367, 369, 371, 373, 375, 377, 379, 381, 383, 384, 385, 387, 389, 391, 393, 396, 398, 400, 401, 402, 403, 404, 405, 408, 412, 413, 414, 415, 418, 422, 424, 425, 426, 427, 429, 432, 433, 436, 455, 459, 492, 495, 502, 503, 504, 505, 506, 507, 508, 511, 517, 518, 519, 520, 521, 524, 532, 537, 539, 540, 542, 546, 550, 559, 560, 561, 567, 569, 574, 577, 580, 581, 583, 585, 587, 594, 595, 598, 602, 614, 622, 633, 641, 655, 656, 657, 658, 659, 661, 667, 669, 670, 671, 672, 679, 683, 690, 708, 728, 731, 733, 735, 736, 737, 738, 739, 740, 741, 743, 765, 766, 767, 768, 769, 771, 776, 781, 782, 783, 785, 788, 789, 790, 793, 796, 798, 799, 801, 805, 823, 824, 825, 826, 827, 830, 831, 833, 834, 835, 836, 841, 842, 847, 851], "summary": {"covered_lines": 301, "num_statements": 371, "percent_covered": 81.13207547169812, "percent_covered_display": "81", "missing_lines": 70, "excluded_lines": 0}, "missing_lines": [86, 93, 94, 97, 113, 114, 115, 116, 117, 118, 121, 129, 141, 145, 146, 155, 160, 162, 197, 229, 265, 282, 303, 306, 307, 322, 326, 328, 330, 334, 336, 338, 342, 346, 350, 352, 354, 356, 366, 368, 370, 372, 374, 376, 378, 380, 382, 386, 388, 390, 392, 428, 543, 544, 662, 665, 673, 674, 677, 837, 843, 844, 845, 848, 849, 852, 853, 854, 855, 856], "excluded_lines": [], "functions": {"_prompt_bool": {"executed_lines": [63], "summary": {"covered_lines": 1, "num_statements": 1, "percent_covered": 100.0, "percent_covered_display": "100", "missing_lines": 0, "excluded_lines": 0}, "missing_lines": [], "excluded_lines": []}, "_prompt_str": {"executed_lines": [70, 73], "summary": {"covered_lines": 2, "num_statements": 2, "percent_covered": 100.0, "percent_covered_display": "100", "missing_lines": 0, "excluded_lines": 0}, "missing_lines": [], "excluded_lines": []}, "_validate_and_apply_normalizer": {"executed_lines": [83, 91, 92, 96, 99], "summary": {"covered_lines": 5, "num_statements": 8, "percent_covered": 62.5, "percent_covered_display": "62", "missing_lines": 3, "excluded_lines": 0}, "missing_lines": [93, 94, 97], "excluded_lines": []}, "_validate_and_apply_normalizer._apply": {"executed_lines": [84, 85, 87, 88, 89], "summary": {"covered_lines": 5, "num_statements": 6, "percent_covered": 83.33333333333333, "percent_covered_display": "83", "missing_lines": 1, "excluded_lines": 0}, "missing_lines": [86], "excluded_lines": []}, "_collect_or_prompt_string": {"executed_lines": [112, 120, 123, 124, 125, 126, 127, 128, 131, 134, 135], "summary": {"covered_lines": 11, "num_statements": 13, "percent_covered": 84.61538461538461, "percent_covered_display": "85", "missing_lines": 2, "excluded_lines": 0}, "missing_lines": [121, 129], "excluded_lines": []}, "_collect_or_prompt_string._apply": {"executed_lines": [], "summary": {"covered_lines": 0, "num_statements": 6, "percent_covered": 0.0, "percent_covered_display": "0", "missing_lines": 6, "excluded_lines": 0}, "missing_lines": [113, 114, 115, 116, 117, 118], "excluded_lines": []}, "_format_config_value": {"executed_lines": [140, 142, 143, 144, 147], "summary": {"covered_lines": 5, "num_statements": 8, "percent_covered": 62.5, "percent_covered_display": "62", "missing_lines": 3, "excluded_lines": 0}, "missing_lines": [141, 145, 146], "excluded_lines": []}, "_format_config_section": {"executed_lines": [154, 157, 158, 159, 161, 163, 164], "summary": {"covered_lines": 7, "num_statements": 10, "percent_covered": 70.0, "percent_covered_display": "70", "missing_lines": 3, "excluded_lines": 0}, "missing_lines": [155, 160, 162], "excluded_lines": []}, "_generate_local_config_content": {"executed_lines": [171, 172, 173, 175, 176, 178, 179], "summary": {"covered_lines": 7, "num_statements": 7, "percent_covered": 100.0, "percent_covered_display": "100", "missing_lines": 0, "excluded_lines": 0}, "missing_lines": [], "excluded_lines": []}, "_determine_value_source": {"executed_lines": [184, 185, 187, 188, 191, 193, 194, 196, 198], "summary": {"covered_lines": 9, "num_statements": 10, "percent_covered": 90.0, "percent_covered_display": "90", "missing_lines": 1, "excluded_lines": 0}, "missing_lines": [197], "excluded_lines": []}, "_prompt_and_record_string": {"executed_lines": [214, 215, 216, 218, 226, 227, 231, 232, 233, 234], "summary": {"covered_lines": 10, "num_statements": 11, "percent_covered": 90.9090909090909, "percent_covered_display": "91", "missing_lines": 1, "excluded_lines": 0}, "missing_lines": [229], "excluded_lines": []}, "_prompt_and_record_bool": {"executed_lines": [245, 246, 247, 249, 250, 252, 253, 254], "summary": {"covered_lines": 8, "num_statements": 8, "percent_covered": 100.0, "percent_covered_display": "100", "missing_lines": 0, "excluded_lines": 0}, "missing_lines": [], "excluded_lines": []}, "_check_overwrite_destination": {"executed_lines": [261, 262, 264, 269, 270, 271, 274], "summary": {"covered_lines": 7, "num_statements": 8, "percent_covered": 87.5, "percent_covered_display": "88", "missing_lines": 1, "excluded_lines": 0}, "missing_lines": [265], "excluded_lines": []}, "_display_config_preview": {"executed_lines": [281, 284, 285, 286, 287, 288, 289, 290, 291, 292], "summary": {"covered_lines": 10, "num_statements": 11, "percent_covered": 90.9090909090909, "percent_covered_display": "91", "missing_lines": 1, "excluded_lines": 0}, "missing_lines": [282], "excluded_lines": []}, "_collect_config_file_entries": {"executed_lines": [300, 301, 302, 304, 305, 309, 310, 311, 312, 313], "summary": {"covered_lines": 10, "num_statements": 13, "percent_covered": 76.92307692307692, "percent_covered_display": "77", "missing_lines": 3, "excluded_lines": 0}, "missing_lines": [303, 306, 307], "excluded_lines": []}, "_collect_cli_override_values": {"executed_lines": [318, 319, 320, 321, 325, 327, 329, 333, 335, 337, 341, 345, 347, 348, 349, 351, 353, 355, 357], "summary": {"covered_lines": 19, "num_statements": 32, "percent_covered": 59.375, "percent_covered_display": "59", "missing_lines": 13, "excluded_lines": 0}, "missing_lines": [322, 326, 328, 330, 334, 336, 338, 342, 346, 350, 352, 354, 356], "excluded_lines": []}, "_build_cli_source_labels": {"executed_lines": [362, 363, 364, 365, 367, 369, 371, 373, 375, 377, 379, 381, 383, 384, 385, 387, 389, 391, 393], "summary": {"covered_lines": 19, "num_statements": 32, "percent_covered": 59.375, "percent_covered_display": "59", "missing_lines": 13, "excluded_lines": 0}, "missing_lines": [366, 368, 370, 372, 374, 376, 378, 380, 382, 386, 388, 390, 392], "excluded_lines": []}, "_build_env_source_labels": {"executed_lines": [398, 400, 401, 402, 403, 404, 405], "summary": {"covered_lines": 7, "num_statements": 7, "percent_covered": 100.0, "percent_covered_display": "100", "missing_lines": 0, "excluded_lines": 0}, "missing_lines": [], "excluded_lines": []}, "_build_cli_override_rows": {"executed_lines": [412, 413, 414, 415], "summary": {"covered_lines": 4, "num_statements": 4, "percent_covered": 100.0, "percent_covered_display": "100", "missing_lines": 0, "excluded_lines": 0}, "missing_lines": [], "excluded_lines": []}, "_build_env_override_rows": {"executed_lines": [422, 424, 425, 426, 427, 429, 432, 433], "summary": {"covered_lines": 8, "num_statements": 9, "percent_covered": 88.88888888888889, "percent_covered_display": "89", "missing_lines": 1, "excluded_lines": 0}, "missing_lines": [428], "excluded_lines": []}, "_effective_configuration_values": {"executed_lines": [459, 492], "summary": {"covered_lines": 2, "num_statements": 2, "percent_covered": 100.0, "percent_covered_display": "100", "missing_lines": 0, "excluded_lines": 0}, "missing_lines": [], "excluded_lines": []}, "_determine_source_label": {"executed_lines": [502, 503, 504, 505, 506, 507, 508], "summary": {"covered_lines": 7, "num_statements": 7, "percent_covered": 100.0, "percent_covered_display": "100", "missing_lines": 0, "excluded_lines": 0}, "missing_lines": [], "excluded_lines": []}, "_print_config_table": {"executed_lines": [517, 518, 519, 520, 521], "summary": {"covered_lines": 5, "num_statements": 5, "percent_covered": 100.0, "percent_covered_display": "100", "missing_lines": 0, "excluded_lines": 0}, "missing_lines": [], "excluded_lines": []}, "register": {"executed_lines": [532, 537, 539, 540, 546, 550, 683, 690, 801, 805], "summary": {"covered_lines": 10, "num_statements": 10, "percent_covered": 100.0, "percent_covered_display": "100", "missing_lines": 0, "excluded_lines": 0}, "missing_lines": [], "excluded_lines": []}, "register.config_group_callback": {"executed_lines": [542], "summary": {"covered_lines": 1, "num_statements": 3, "percent_covered": 33.333333333333336, "percent_covered_display": "33", "missing_lines": 2, "excluded_lines": 0}, "missing_lines": [543, 544], "excluded_lines": []}, "register.config_init": {"executed_lines": [559, 560, 561, 567, 569, 574, 577, 580, 581, 583, 585, 587, 594, 595, 598, 602, 614, 622, 633, 641, 655, 656, 657, 658, 659, 661, 667, 669, 670, 671, 672, 679], "summary": {"covered_lines": 32, "num_statements": 37, "percent_covered": 86.48648648648648, "percent_covered_display": "86", "missing_lines": 5, "excluded_lines": 0}, "missing_lines": [662, 665, 673, 674, 677], "excluded_lines": []}, "register.config_show": {"executed_lines": [708, 728, 731, 733, 735, 736, 737, 738, 739, 740, 741, 743, 765, 766, 767, 768, 769, 771, 776, 781, 782, 783, 785, 788, 789, 790, 793, 796, 798, 799], "summary": {"covered_lines": 30, "num_statements": 30, "percent_covered": 100.0, "percent_covered_display": "100", "missing_lines": 0, "excluded_lines": 0}, "missing_lines": [], "excluded_lines": []}, "register.config_validate": {"executed_lines": [823, 824, 825, 826, 827, 830, 831, 833, 834, 835, 836, 841, 842, 847, 851], "summary": {"covered_lines": 15, "num_statements": 26, "percent_covered": 57.69230769230769, "percent_covered_display": "58", "missing_lines": 11, "excluded_lines": 0}, "missing_lines": [837, 843, 844, 845, 848, 849, 852, 853, 854, 855, 856], "excluded_lines": []}, "": {"executed_lines": [1, 3, 5, 6, 7, 8, 9, 10, 12, 13, 14, 15, 16, 17, 19, 20, 26, 27, 28, 29, 30, 34, 55, 61, 66, 76, 102, 138, 150, 167, 182, 201, 237, 257, 277, 296, 316, 360, 396, 408, 418, 436, 455, 495, 511, 524], "summary": {"covered_lines": 45, "num_statements": 45, "percent_covered": 100.0, "percent_covered_display": "100", "missing_lines": 0, "excluded_lines": 0}, "missing_lines": [], "excluded_lines": []}}, "classes": {"": {"executed_lines": [1, 3, 5, 6, 7, 8, 9, 10, 12, 13, 14, 15, 16, 17, 19, 20, 26, 27, 28, 29, 30, 34, 55, 61, 63, 66, 70, 73, 76, 83, 84, 85, 87, 88, 89, 91, 92, 96, 99, 102, 112, 120, 123, 124, 125, 126, 127, 128, 131, 134, 135, 138, 140, 142, 143, 144, 147, 150, 154, 157, 158, 159, 161, 163, 164, 167, 171, 172, 173, 175, 176, 178, 179, 182, 184, 185, 187, 188, 191, 193, 194, 196, 198, 201, 214, 215, 216, 218, 226, 227, 231, 232, 233, 234, 237, 245, 246, 247, 249, 250, 252, 253, 254, 257, 261, 262, 264, 269, 270, 271, 274, 277, 281, 284, 285, 286, 287, 288, 289, 290, 291, 292, 296, 300, 301, 302, 304, 305, 309, 310, 311, 312, 313, 316, 318, 319, 320, 321, 325, 327, 329, 333, 335, 337, 341, 345, 347, 348, 349, 351, 353, 355, 357, 360, 362, 363, 364, 365, 367, 369, 371, 373, 375, 377, 379, 381, 383, 384, 385, 387, 389, 391, 393, 396, 398, 400, 401, 402, 403, 404, 405, 408, 412, 413, 414, 415, 418, 422, 424, 425, 426, 427, 429, 432, 433, 436, 455, 459, 492, 495, 502, 503, 504, 505, 506, 507, 508, 511, 517, 518, 519, 520, 521, 524, 532, 537, 539, 540, 542, 546, 550, 559, 560, 561, 567, 569, 574, 577, 580, 581, 583, 585, 587, 594, 595, 598, 602, 614, 622, 633, 641, 655, 656, 657, 658, 659, 661, 667, 669, 670, 671, 672, 679, 683, 690, 708, 728, 731, 733, 735, 736, 737, 738, 739, 740, 741, 743, 765, 766, 767, 768, 769, 771, 776, 781, 782, 783, 785, 788, 789, 790, 793, 796, 798, 799, 801, 805, 823, 824, 825, 826, 827, 830, 831, 833, 834, 835, 836, 841, 842, 847, 851], "summary": {"covered_lines": 301, "num_statements": 371, "percent_covered": 81.13207547169812, "percent_covered_display": "81", "missing_lines": 70, "excluded_lines": 0}, "missing_lines": [86, 93, 94, 97, 113, 114, 115, 116, 117, 118, 121, 129, 141, 145, 146, 155, 160, 162, 197, 229, 265, 282, 303, 306, 307, 322, 326, 328, 330, 334, 336, 338, 342, 346, 350, 352, 354, 356, 366, 368, 370, 372, 374, 376, 378, 380, 382, 386, 388, 390, 392, 428, 543, 544, 662, 665, 673, 674, 677, 837, 843, 844, 845, 848, 849, 852, 853, 854, 855, 856], "excluded_lines": []}}}, "src/birre/cli/commands/logs.py": {"executed_lines": [1, 3, 5, 6, 8, 9, 11, 12, 13, 14, 15, 16, 19, 36, 69, 71, 73, 74, 76, 77, 78, 79, 82, 85, 86, 89, 112, 140, 142, 143, 144, 146, 147, 148, 149, 150, 151, 152, 154, 157, 159, 160, 162, 165, 172, 176, 181, 188, 191, 193, 194, 195, 199, 213, 220, 221, 222, 223, 228, 229, 232, 235, 241, 247, 248, 251, 254, 262, 267, 269, 270, 272, 276, 280, 285, 293, 294, 300, 301, 302, 303, 306, 308, 312, 318, 326, 327, 333, 334, 335, 340, 341, 343, 347, 352, 360, 361, 364, 365, 366, 367, 371, 372, 374, 378, 414, 418, 421, 427, 435, 436, 442, 448, 449, 453, 455, 456, 457, 458, 459, 462, 464, 465, 467], "summary": {"covered_lines": 123, "num_statements": 210, "percent_covered": 58.57142857142857, "percent_covered_display": "59", "missing_lines": 87, "excluded_lines": 0}, "missing_lines": [21, 22, 23, 25, 26, 27, 28, 29, 31, 32, 33, 46, 65, 66, 72, 75, 80, 81, 83, 91, 93, 94, 95, 96, 97, 98, 99, 100, 101, 107, 108, 109, 114, 116, 117, 118, 119, 121, 122, 123, 124, 125, 126, 127, 129, 130, 131, 132, 133, 135, 137, 161, 173, 177, 182, 183, 184, 187, 196, 201, 202, 203, 204, 208, 210, 225, 226, 230, 242, 245, 249, 273, 274, 295, 298, 304, 305, 328, 331, 362, 363, 368, 369, 443, 446, 450, 451], "excluded_lines": [], "functions": {"_rotate_logs": {"executed_lines": [], "summary": {"covered_lines": 0, "num_statements": 11, "percent_covered": 0.0, "percent_covered_display": "0", "missing_lines": 11, "excluded_lines": 0}, "missing_lines": [21, 22, 23, 25, 26, 27, 28, 29, 31, 32, 33], "excluded_lines": []}, "_resolve_logging_settings_from_cli": {"executed_lines": [], "summary": {"covered_lines": 0, "num_statements": 3, "percent_covered": 0.0, "percent_covered_display": "0", "missing_lines": 3, "excluded_lines": 0}, "missing_lines": [46, 65, 66], "excluded_lines": []}, "_parse_iso_timestamp_to_epoch": {"executed_lines": [71, 73, 74, 76, 77, 78, 79, 82, 85, 86], "summary": {"covered_lines": 10, "num_statements": 15, "percent_covered": 66.66666666666667, "percent_covered_display": "67", "missing_lines": 5, "excluded_lines": 0}, "missing_lines": [72, 75, 80, 81, 83], "excluded_lines": []}, "_parse_relative_duration": {"executed_lines": [], "summary": {"covered_lines": 0, "num_statements": 13, "percent_covered": 0.0, "percent_covered_display": "0", "missing_lines": 13, "excluded_lines": 0}, "missing_lines": [91, 93, 94, 95, 96, 97, 98, 99, 100, 101, 107, 108, 109], "excluded_lines": []}, "_parse_json_log_line": {"executed_lines": [], "summary": {"covered_lines": 0, "num_statements": 19, "percent_covered": 0.0, "percent_covered_display": "0", "missing_lines": 19, "excluded_lines": 0}, "missing_lines": [114, 116, 117, 118, 119, 121, 122, 123, 124, 125, 126, 127, 129, 130, 131, 132, 133, 135, 137], "excluded_lines": []}, "_parse_text_log_line": {"executed_lines": [142, 143, 144, 146, 147, 148, 149, 150, 151, 152, 154], "summary": {"covered_lines": 11, "num_statements": 11, "percent_covered": 100.0, "percent_covered_display": "100", "missing_lines": 0, "excluded_lines": 0}, "missing_lines": [], "excluded_lines": []}, "_parse_log_line": {"executed_lines": [159, 160, 162], "summary": {"covered_lines": 3, "num_statements": 4, "percent_covered": 75.0, "percent_covered_display": "75", "missing_lines": 1, "excluded_lines": 0}, "missing_lines": [161], "excluded_lines": []}, "_validate_logs_show_params": {"executed_lines": [172, 176, 181, 188], "summary": {"covered_lines": 4, "num_statements": 10, "percent_covered": 40.0, "percent_covered_display": "40", "missing_lines": 6, "excluded_lines": 0}, "missing_lines": [173, 177, 182, 183, 184, 187], "excluded_lines": []}, "_resolve_start_timestamp": {"executed_lines": [193, 194, 195, 199], "summary": {"covered_lines": 4, "num_statements": 11, "percent_covered": 36.36363636363637, "percent_covered_display": "36", "missing_lines": 7, "excluded_lines": 0}, "missing_lines": [196, 201, 202, 203, 204, 208, 210], "excluded_lines": []}, "_should_include_log_entry": {"executed_lines": [220, 221, 222, 223, 228, 229, 232], "summary": {"covered_lines": 7, "num_statements": 10, "percent_covered": 70.0, "percent_covered_display": "70", "missing_lines": 3, "excluded_lines": 0}, "missing_lines": [225, 226, 230], "excluded_lines": []}, "_display_log_entries": {"executed_lines": [241, 247, 248, 251], "summary": {"covered_lines": 4, "num_statements": 7, "percent_covered": 57.142857142857146, "percent_covered_display": "57", "missing_lines": 3, "excluded_lines": 0}, "missing_lines": [242, 245, 249], "excluded_lines": []}, "register": {"executed_lines": [262, 267, 269, 270, 276, 280, 308, 312, 343, 347, 374, 378], "summary": {"covered_lines": 12, "num_statements": 12, "percent_covered": 100.0, "percent_covered_display": "100", "missing_lines": 0, "excluded_lines": 0}, "missing_lines": [], "excluded_lines": []}, "register.logs_group_callback": {"executed_lines": [272], "summary": {"covered_lines": 1, "num_statements": 3, "percent_covered": 33.333333333333336, "percent_covered_display": "33", "missing_lines": 2, "excluded_lines": 0}, "missing_lines": [273, 274], "excluded_lines": []}, "register.logs_clear": {"executed_lines": [285, 293, 294, 300, 301, 302, 303, 306], "summary": {"covered_lines": 8, "num_statements": 12, "percent_covered": 66.66666666666667, "percent_covered_display": "67", "missing_lines": 4, "excluded_lines": 0}, "missing_lines": [295, 298, 304, 305], "excluded_lines": []}, "register.logs_rotate": {"executed_lines": [318, 326, 327, 333, 334, 335, 340, 341], "summary": {"covered_lines": 8, "num_statements": 10, "percent_covered": 80.0, "percent_covered_display": "80", "missing_lines": 2, "excluded_lines": 0}, "missing_lines": [328, 331], "excluded_lines": []}, "register.logs_path": {"executed_lines": [352, 360, 361, 364, 365, 366, 367, 371, 372], "summary": {"covered_lines": 9, "num_statements": 13, "percent_covered": 69.23076923076923, "percent_covered_display": "69", "missing_lines": 4, "excluded_lines": 0}, "missing_lines": [362, 363, 368, 369], "excluded_lines": []}, "register.logs_show": {"executed_lines": [414, 418, 421, 427, 435, 436, 442, 448, 449, 453, 455, 456, 457, 458, 459, 462, 464, 465, 467], "summary": {"covered_lines": 19, "num_statements": 23, "percent_covered": 82.6086956521739, "percent_covered_display": "83", "missing_lines": 4, "excluded_lines": 0}, "missing_lines": [443, 446, 450, 451], "excluded_lines": []}, "": {"executed_lines": [1, 3, 5, 6, 8, 9, 11, 12, 13, 14, 15, 16, 19, 36, 69, 89, 112, 140, 157, 165, 191, 213, 235, 254], "summary": {"covered_lines": 23, "num_statements": 23, "percent_covered": 100.0, "percent_covered_display": "100", "missing_lines": 0, "excluded_lines": 0}, "missing_lines": [], "excluded_lines": []}}, "classes": {"": {"executed_lines": [1, 3, 5, 6, 8, 9, 11, 12, 13, 14, 15, 16, 19, 36, 69, 71, 73, 74, 76, 77, 78, 79, 82, 85, 86, 89, 112, 140, 142, 143, 144, 146, 147, 148, 149, 150, 151, 152, 154, 157, 159, 160, 162, 165, 172, 176, 181, 188, 191, 193, 194, 195, 199, 213, 220, 221, 222, 223, 228, 229, 232, 235, 241, 247, 248, 251, 254, 262, 267, 269, 270, 272, 276, 280, 285, 293, 294, 300, 301, 302, 303, 306, 308, 312, 318, 326, 327, 333, 334, 335, 340, 341, 343, 347, 352, 360, 361, 364, 365, 366, 367, 371, 372, 374, 378, 414, 418, 421, 427, 435, 436, 442, 448, 449, 453, 455, 456, 457, 458, 459, 462, 464, 465, 467], "summary": {"covered_lines": 123, "num_statements": 210, "percent_covered": 58.57142857142857, "percent_covered_display": "59", "missing_lines": 87, "excluded_lines": 0}, "missing_lines": [21, 22, 23, 25, 26, 27, 28, 29, 31, 32, 33, 46, 65, 66, 72, 75, 80, 81, 83, 91, 93, 94, 95, 96, 97, 98, 99, 100, 101, 107, 108, 109, 114, 116, 117, 118, 119, 121, 122, 123, 124, 125, 126, 127, 129, 130, 131, 132, 133, 135, 137, 161, 173, 177, 182, 183, 184, 187, 196, 201, 202, 203, 204, 208, 210, 225, 226, 230, 242, 245, 249, 273, 274, 295, 298, 304, 305, 328, 331, 362, 363, 368, 369, 443, 446, 450, 451], "excluded_lines": []}}}, "src/birre/cli/commands/run.py": {"executed_lines": [1, 3, 5, 6, 7, 8, 10, 12, 13, 14, 21, 22, 23, 26, 35, 38, 59, 80, 81, 88, 89, 91, 92, 93, 94, 104, 108, 110, 111, 112, 123, 129], "summary": {"covered_lines": 31, "num_statements": 48, "percent_covered": 64.58333333333333, "percent_covered_display": "65", "missing_lines": 17, "excluded_lines": 0}, "missing_lines": [96, 97, 98, 102, 105, 106, 113, 114, 115, 116, 117, 119, 120, 121, 124, 125, 126], "excluded_lines": [], "functions": {"register": {"executed_lines": [35, 38], "summary": {"covered_lines": 2, "num_statements": 2, "percent_covered": 100.0, "percent_covered_display": "100", "missing_lines": 0, "excluded_lines": 0}, "missing_lines": [], "excluded_lines": []}, "register.run": {"executed_lines": [59, 80, 81, 88, 89, 91, 92, 93, 94, 104, 108, 110, 111, 112, 123], "summary": {"covered_lines": 15, "num_statements": 32, "percent_covered": 46.875, "percent_covered_display": "47", "missing_lines": 17, "excluded_lines": 0}, "missing_lines": [96, 97, 98, 102, 105, 106, 113, 114, 115, 116, 117, 119, 120, 121, 124, 125, 126], "excluded_lines": []}, "": {"executed_lines": [1, 3, 5, 6, 7, 8, 10, 12, 13, 14, 21, 22, 23, 26, 129], "summary": {"covered_lines": 14, "num_statements": 14, "percent_covered": 100.0, "percent_covered_display": "100", "missing_lines": 0, "excluded_lines": 0}, "missing_lines": [], "excluded_lines": []}}, "classes": {"": {"executed_lines": [1, 3, 5, 6, 7, 8, 10, 12, 13, 14, 21, 22, 23, 26, 35, 38, 59, 80, 81, 88, 89, 91, 92, 93, 94, 104, 108, 110, 111, 112, 123, 129], "summary": {"covered_lines": 31, "num_statements": 48, "percent_covered": 64.58333333333333, "percent_covered_display": "65", "missing_lines": 17, "excluded_lines": 0}, "missing_lines": [96, 97, 98, 102, 105, 106, 113, 114, 115, 116, 117, 119, 120, 121, 124, 125, 126], "excluded_lines": []}}}, "src/birre/cli/commands/selftest/__init__.py": {"executed_lines": [1, 3, 5, 7], "summary": {"covered_lines": 3, "num_statements": 3, "percent_covered": 100.0, "percent_covered_display": "100", "missing_lines": 0, "excluded_lines": 0}, "missing_lines": [], "excluded_lines": [], "functions": {"": {"executed_lines": [1, 3, 5, 7], "summary": {"covered_lines": 3, "num_statements": 3, "percent_covered": 100.0, "percent_covered_display": "100", "missing_lines": 0, "excluded_lines": 0}, "missing_lines": [], "excluded_lines": []}}, "classes": {"": {"executed_lines": [1, 3, 5, 7], "summary": {"covered_lines": 3, "num_statements": 3, "percent_covered": 100.0, "percent_covered_display": "100", "missing_lines": 0, "excluded_lines": 0}, "missing_lines": [], "excluded_lines": []}}}, "src/birre/cli/commands/selftest/command.py": {"executed_lines": [1, 3, 5, 6, 8, 9, 10, 11, 12, 13, 14, 17, 29, 30, 50, 70, 71, 78, 83, 84, 89, 90, 96, 97, 99, 108, 110, 111, 112, 115, 117, 119, 120, 121, 122, 123, 124, 129, 131], "summary": {"covered_lines": 38, "num_statements": 38, "percent_covered": 100.0, "percent_covered_display": "100", "missing_lines": 0, "excluded_lines": 0}, "missing_lines": [], "excluded_lines": [], "functions": {"register": {"executed_lines": [29, 30], "summary": {"covered_lines": 2, "num_statements": 2, "percent_covered": 100.0, "percent_covered_display": "100", "missing_lines": 0, "excluded_lines": 0}, "missing_lines": [], "excluded_lines": []}, "register.selftest": {"executed_lines": [50, 70, 71, 78, 83, 84, 89, 90, 96, 97, 99, 108, 110, 111, 112, 115, 117, 119, 120, 121, 122, 123, 124, 129, 131], "summary": {"covered_lines": 25, "num_statements": 25, "percent_covered": 100.0, "percent_covered_display": "100", "missing_lines": 0, "excluded_lines": 0}, "missing_lines": [], "excluded_lines": []}, "": {"executed_lines": [1, 3, 5, 6, 8, 9, 10, 11, 12, 13, 14, 17], "summary": {"covered_lines": 11, "num_statements": 11, "percent_covered": 100.0, "percent_covered_display": "100", "missing_lines": 0, "excluded_lines": 0}, "missing_lines": [], "excluded_lines": []}}, "classes": {"": {"executed_lines": [1, 3, 5, 6, 8, 9, 10, 11, 12, 13, 14, 17, 29, 30, 50, 70, 71, 78, 83, 84, 89, 90, 96, 97, 99, 108, 110, 111, 112, 115, 117, 119, 120, 121, 122, 123, 124, 129, 131], "summary": {"covered_lines": 38, "num_statements": 38, "percent_covered": 100.0, "percent_covered_display": "100", "missing_lines": 0, "excluded_lines": 0}, "missing_lines": [], "excluded_lines": []}}}, "src/birre/cli/commands/selftest/rendering.py": {"executed_lines": [1, 3, 5, 6, 7, 9, 10, 11, 14, 15, 16, 17, 18, 19, 20, 23, 25, 26, 27, 28, 31, 33, 34, 35, 37, 38, 39, 46, 48, 49, 50, 51, 52, 53, 55, 56, 58, 59, 60, 61, 64, 66, 67, 68, 72, 73, 74, 77, 83, 85, 86, 94, 95, 96, 98, 101, 103, 104, 105, 106, 107, 108, 109, 110, 111, 113, 114, 117, 120, 122, 123, 124, 125, 126, 127, 128, 131, 133, 134, 135, 136, 139, 141, 142, 143, 145, 146, 148, 151, 157, 158, 159, 160, 162, 163, 164, 165, 167, 168, 169, 170, 171, 174, 179, 180, 181, 183, 184, 186, 187, 192, 195, 197, 198, 200, 201, 202, 203, 207, 208, 216, 217, 218, 219, 220], "summary": {"covered_lines": 123, "num_statements": 136, "percent_covered": 90.44117647058823, "percent_covered_display": "90", "missing_lines": 13, "excluded_lines": 0}, "missing_lines": [36, 40, 41, 42, 43, 54, 57, 87, 91, 92, 115, 144, 188], "excluded_lines": [], "functions": {"_healthcheck_status_label": {"executed_lines": [25, 26, 27, 28], "summary": {"covered_lines": 4, "num_statements": 4, "percent_covered": 100.0, "percent_covered_display": "100", "missing_lines": 0, "excluded_lines": 0}, "missing_lines": [], "excluded_lines": []}, "_stringify_healthcheck_detail": {"executed_lines": [33, 34, 35, 37, 38, 39], "summary": {"covered_lines": 6, "num_statements": 11, "percent_covered": 54.54545454545455, "percent_covered_display": "55", "missing_lines": 5, "excluded_lines": 0}, "missing_lines": [36, 40, 41, 42, 43], "excluded_lines": []}, "_format_healthcheck_context_detail": {"executed_lines": [48, 49, 50, 51, 52, 53, 55, 56, 58, 59, 60, 61], "summary": {"covered_lines": 12, "num_statements": 14, "percent_covered": 85.71428571428571, "percent_covered_display": "86", "missing_lines": 2, "excluded_lines": 0}, "missing_lines": [54, 57], "excluded_lines": []}, "_format_healthcheck_online_detail": {"executed_lines": [66, 67, 68, 72, 73, 74], "summary": {"covered_lines": 6, "num_statements": 6, "percent_covered": 100.0, "percent_covered_display": "100", "missing_lines": 0, "excluded_lines": 0}, "missing_lines": [], "excluded_lines": []}, "_process_tool_attempt_entry": {"executed_lines": [83, 85, 86, 94, 95, 96, 98], "summary": {"covered_lines": 7, "num_statements": 10, "percent_covered": 70.0, "percent_covered_display": "70", "missing_lines": 3, "excluded_lines": 0}, "missing_lines": [87, 91, 92], "excluded_lines": []}, "_format_healthcheck_tool_detail": {"executed_lines": [103, 104, 105, 106, 107, 108, 109, 110, 111, 113, 114, 117], "summary": {"covered_lines": 12, "num_statements": 13, "percent_covered": 92.3076923076923, "percent_covered_display": "92", "missing_lines": 1, "excluded_lines": 0}, "missing_lines": [115], "excluded_lines": []}, "_create_healthcheck_table": {"executed_lines": [122, 123, 124, 125, 126, 127, 128], "summary": {"covered_lines": 7, "num_statements": 7, "percent_covered": 100.0, "percent_covered_display": "100", "missing_lines": 0, "excluded_lines": 0}, "missing_lines": [], "excluded_lines": []}, "_add_healthcheck_offline_row": {"executed_lines": [133, 134, 135, 136], "summary": {"covered_lines": 4, "num_statements": 4, "percent_covered": 100.0, "percent_covered_display": "100", "missing_lines": 0, "excluded_lines": 0}, "missing_lines": [], "excluded_lines": []}, "_determine_context_status": {"executed_lines": [141, 142, 143, 145, 146, 148], "summary": {"covered_lines": 6, "num_statements": 7, "percent_covered": 85.71428571428571, "percent_covered_display": "86", "missing_lines": 1, "excluded_lines": 0}, "missing_lines": [144], "excluded_lines": []}, "_add_healthcheck_context_rows": {"executed_lines": [157, 158, 159, 160, 162, 163, 164, 165, 167, 168, 169, 170, 171], "summary": {"covered_lines": 13, "num_statements": 13, "percent_covered": 100.0, "percent_covered_display": "100", "missing_lines": 0, "excluded_lines": 0}, "missing_lines": [], "excluded_lines": []}, "_collect_healthcheck_critical_failures": {"executed_lines": [179, 180, 181, 183, 184, 186, 187, 192], "summary": {"covered_lines": 8, "num_statements": 9, "percent_covered": 88.88888888888889, "percent_covered_display": "89", "missing_lines": 1, "excluded_lines": 0}, "missing_lines": [188], "excluded_lines": []}, "render_healthcheck_summary": {"executed_lines": [197, 198, 200, 201, 202, 203, 207, 208, 216, 217, 218, 219, 220], "summary": {"covered_lines": 13, "num_statements": 13, "percent_covered": 100.0, "percent_covered_display": "100", "missing_lines": 0, "excluded_lines": 0}, "missing_lines": [], "excluded_lines": []}, "": {"executed_lines": [1, 3, 5, 6, 7, 9, 10, 11, 14, 15, 16, 17, 18, 19, 20, 23, 31, 46, 64, 77, 101, 120, 131, 139, 151, 174, 195], "summary": {"covered_lines": 25, "num_statements": 25, "percent_covered": 100.0, "percent_covered_display": "100", "missing_lines": 0, "excluded_lines": 0}, "missing_lines": [], "excluded_lines": []}}, "classes": {"_RichStyles": {"executed_lines": [], "summary": {"covered_lines": 0, "num_statements": 0, "percent_covered": 100.0, "percent_covered_display": "100", "missing_lines": 0, "excluded_lines": 0}, "missing_lines": [], "excluded_lines": []}, "": {"executed_lines": [1, 3, 5, 6, 7, 9, 10, 11, 14, 15, 16, 17, 18, 19, 20, 23, 25, 26, 27, 28, 31, 33, 34, 35, 37, 38, 39, 46, 48, 49, 50, 51, 52, 53, 55, 56, 58, 59, 60, 61, 64, 66, 67, 68, 72, 73, 74, 77, 83, 85, 86, 94, 95, 96, 98, 101, 103, 104, 105, 106, 107, 108, 109, 110, 111, 113, 114, 117, 120, 122, 123, 124, 125, 126, 127, 128, 131, 133, 134, 135, 136, 139, 141, 142, 143, 145, 146, 148, 151, 157, 158, 159, 160, 162, 163, 164, 165, 167, 168, 169, 170, 171, 174, 179, 180, 181, 183, 184, 186, 187, 192, 195, 197, 198, 200, 201, 202, 203, 207, 208, 216, 217, 218, 219, 220], "summary": {"covered_lines": 123, "num_statements": 136, "percent_covered": 90.44117647058823, "percent_covered_display": "90", "missing_lines": 13, "excluded_lines": 0}, "missing_lines": [36, 40, 41, 42, 43, 54, 57, 87, 91, 92, 115, 144, 188], "excluded_lines": []}}}, "src/birre/cli/commands/selftest/runner.py": {"executed_lines": [1, 10, 12, 13, 14, 15, 17, 33, 34, 40, 41, 42, 44, 47, 48, 50, 61, 62, 63, 64, 65, 66, 67, 70, 71, 73, 74, 75, 76, 83, 93, 94, 95, 97, 98, 99, 100, 101, 102, 105, 106, 114, 115, 116, 118, 119, 131, 146, 147, 148, 150, 160, 169, 174, 175, 176, 178, 179, 190, 192, 259, 268, 269, 270, 271, 272, 274, 282, 283, 286, 288, 289, 294, 313, 315, 318, 322, 323, 324, 325, 326, 329, 330, 332, 333, 335, 337, 343, 348, 352, 353, 356, 361, 368, 395, 411, 421, 422, 430, 436, 440, 441, 442, 443, 444, 446, 456, 461, 462, 468, 469, 471, 480, 482, 495, 496, 507, 509, 545, 552, 553, 576, 577, 583, 585, 588, 604, 607, 608, 609, 610, 612, 614, 616, 617, 621, 622, 623, 624, 626, 632, 633, 634, 636, 642, 647, 650, 653, 655, 663, 664, 687, 722], "summary": {"covered_lines": 151, "num_statements": 251, "percent_covered": 60.1593625498008, "percent_covered_display": "60", "missing_lines": 100, "excluded_lines": 0}, "missing_lines": [84, 85, 103, 132, 133, 134, 138, 139, 151, 180, 181, 182, 186, 187, 188, 201, 206, 210, 211, 215, 221, 225, 226, 227, 228, 230, 231, 237, 238, 245, 250, 251, 252, 295, 302, 303, 304, 305, 310, 311, 349, 350, 354, 357, 376, 381, 386, 398, 399, 405, 447, 454, 517, 523, 524, 531, 532, 533, 534, 539, 543, 559, 560, 561, 568, 573, 574, 611, 615, 619, 635, 673, 674, 682, 692, 693, 694, 695, 696, 697, 698, 699, 700, 701, 702, 703, 704, 705, 706, 707, 708, 709, 710, 711, 712, 713, 714, 715, 718, 719], "excluded_lines": [], "functions": {"SelfTestRunner.__init__": {"executed_lines": [61, 62, 63, 64, 65, 66, 67, 70, 71], "summary": {"covered_lines": 9, "num_statements": 9, "percent_covered": 100.0, "percent_covered_display": "100", "missing_lines": 0, "excluded_lines": 0}, "missing_lines": [], "excluded_lines": []}, "SelfTestRunner.run": {"executed_lines": [74, 75, 76, 83, 93, 94, 95, 97, 98, 99, 100, 101, 102, 105, 106], "summary": {"covered_lines": 15, "num_statements": 18, "percent_covered": 83.33333333333333, "percent_covered_display": "83", "missing_lines": 3, "excluded_lines": 0}, "missing_lines": [84, 85, 103], "excluded_lines": []}, "SelfTestRunner._evaluate_context": {"executed_lines": [115, 116, 118, 119, 131, 146, 147, 148, 150, 160], "summary": {"covered_lines": 10, "num_statements": 16, "percent_covered": 62.5, "percent_covered_display": "62", "missing_lines": 6, "excluded_lines": 0}, "missing_lines": [132, 133, 134, 138, 139, 151], "excluded_lines": []}, "SelfTestRunner._resolve_ca_bundle": {"executed_lines": [174, 175, 176, 178, 179, 190], "summary": {"covered_lines": 6, "num_statements": 12, "percent_covered": 50.0, "percent_covered_display": "50", "missing_lines": 6, "excluded_lines": 0}, "missing_lines": [180, 181, 182, 186, 187, 188], "excluded_lines": []}, "SelfTestRunner._evaluate_offline_context": {"executed_lines": [], "summary": {"covered_lines": 0, "num_statements": 18, "percent_covered": 0.0, "percent_covered_display": "0", "missing_lines": 18, "excluded_lines": 0}, "missing_lines": [201, 206, 210, 211, 215, 221, 225, 226, 227, 228, 230, 231, 237, 238, 245, 250, 251, 252], "excluded_lines": []}, "SelfTestRunner._evaluate_online_context": {"executed_lines": [268, 269, 270, 271, 272, 274, 282, 283, 286, 288, 289, 294, 313, 315, 318, 322, 323, 324, 325, 326, 329, 330, 332, 333, 335, 337, 343, 348, 352, 353, 356, 361], "summary": {"covered_lines": 32, "num_statements": 43, "percent_covered": 74.4186046511628, "percent_covered_display": "74", "missing_lines": 11, "excluded_lines": 0}, "missing_lines": [295, 302, 303, 304, 305, 310, 311, 349, 350, 354, 357], "excluded_lines": []}, "SelfTestRunner._attempt_tls_fallback": {"executed_lines": [], "summary": {"covered_lines": 0, "num_statements": 3, "percent_covered": 0.0, "percent_covered_display": "0", "missing_lines": 3, "excluded_lines": 0}, "missing_lines": [376, 381, 386], "excluded_lines": []}, "SelfTestRunner._log_fallback_result": {"executed_lines": [], "summary": {"covered_lines": 0, "num_statements": 3, "percent_covered": 0.0, "percent_covered_display": "0", "missing_lines": 3, "excluded_lines": 0}, "missing_lines": [398, 399, 405], "excluded_lines": []}, "SelfTestRunner._run_diagnostic_attempt": {"executed_lines": [421, 422, 430, 436, 440, 441, 442, 443, 444, 446, 456, 461, 462, 468, 469, 471, 480, 482, 495, 496, 507], "summary": {"covered_lines": 21, "num_statements": 23, "percent_covered": 91.30434782608695, "percent_covered_display": "91", "missing_lines": 2, "excluded_lines": 0}, "missing_lines": [447, 454], "excluded_lines": []}, "SelfTestRunner._handle_missing_tools": {"executed_lines": [], "summary": {"covered_lines": 0, "num_statements": 9, "percent_covered": 0.0, "percent_covered_display": "0", "missing_lines": 9, "excluded_lines": 0}, "missing_lines": [517, 523, 524, 531, 532, 533, 534, 539, 543], "excluded_lines": []}, "SelfTestRunner._run_online_diagnostics": {"executed_lines": [552, 553, 576, 577, 583], "summary": {"covered_lines": 5, "num_statements": 11, "percent_covered": 45.45454545454545, "percent_covered_display": "45", "missing_lines": 6, "excluded_lines": 0}, "missing_lines": [559, 560, 561, 568, 573, 574], "excluded_lines": []}, "SelfTestRunner._build_attempt_summaries": {"executed_lines": [588], "summary": {"covered_lines": 1, "num_statements": 1, "percent_covered": 100.0, "percent_covered_display": "100", "missing_lines": 0, "excluded_lines": 0}, "missing_lines": [], "excluded_lines": []}, "SelfTestRunner._calculate_online_status": {"executed_lines": [607, 608, 609, 610, 612, 614, 616, 617, 621, 622, 623, 624], "summary": {"covered_lines": 12, "num_statements": 15, "percent_covered": 80.0, "percent_covered_display": "80", "missing_lines": 3, "excluded_lines": 0}, "missing_lines": [611, 615, 619], "excluded_lines": []}, "SelfTestRunner._update_failure_categories": {"executed_lines": [632, 633, 634, 636], "summary": {"covered_lines": 4, "num_statements": 5, "percent_covered": 80.0, "percent_covered_display": "80", "missing_lines": 1, "excluded_lines": 0}, "missing_lines": [635], "excluded_lines": []}, "SelfTestRunner._categorize_failures": {"executed_lines": [647, 650, 653], "summary": {"covered_lines": 3, "num_statements": 3, "percent_covered": 100.0, "percent_covered_display": "100", "missing_lines": 0, "excluded_lines": 0}, "missing_lines": [], "excluded_lines": []}, "SelfTestRunner._log_context_result": {"executed_lines": [663, 664], "summary": {"covered_lines": 2, "num_statements": 5, "percent_covered": 40.0, "percent_covered_display": "40", "missing_lines": 3, "excluded_lines": 0}, "missing_lines": [673, 674, 682], "excluded_lines": []}, "SelfTestRunner._has_degraded_outcomes": {"executed_lines": [], "summary": {"covered_lines": 0, "num_statements": 26, "percent_covered": 0.0, "percent_covered_display": "0", "missing_lines": 26, "excluded_lines": 0}, "missing_lines": [692, 693, 694, 695, 696, 697, 698, 699, 700, 701, 702, 703, 704, 705, 706, 707, 708, 709, 710, 711, 712, 713, 714, 715, 718, 719], "excluded_lines": []}, "": {"executed_lines": [1, 10, 12, 13, 14, 15, 17, 33, 34, 40, 41, 42, 44, 47, 48, 50, 73, 114, 169, 192, 259, 368, 395, 411, 509, 545, 585, 604, 626, 642, 655, 687, 722], "summary": {"covered_lines": 31, "num_statements": 31, "percent_covered": 100.0, "percent_covered_display": "100", "missing_lines": 0, "excluded_lines": 0}, "missing_lines": [], "excluded_lines": []}}, "classes": {"SelfTestRunner": {"executed_lines": [61, 62, 63, 64, 65, 66, 67, 70, 71, 74, 75, 76, 83, 93, 94, 95, 97, 98, 99, 100, 101, 102, 105, 106, 115, 116, 118, 119, 131, 146, 147, 148, 150, 160, 174, 175, 176, 178, 179, 190, 268, 269, 270, 271, 272, 274, 282, 283, 286, 288, 289, 294, 313, 315, 318, 322, 323, 324, 325, 326, 329, 330, 332, 333, 335, 337, 343, 348, 352, 353, 356, 361, 421, 422, 430, 436, 440, 441, 442, 443, 444, 446, 456, 461, 462, 468, 469, 471, 480, 482, 495, 496, 507, 552, 553, 576, 577, 583, 588, 607, 608, 609, 610, 612, 614, 616, 617, 621, 622, 623, 624, 632, 633, 634, 636, 647, 650, 653, 663, 664], "summary": {"covered_lines": 120, "num_statements": 220, "percent_covered": 54.54545454545455, "percent_covered_display": "55", "missing_lines": 100, "excluded_lines": 0}, "missing_lines": [84, 85, 103, 132, 133, 134, 138, 139, 151, 180, 181, 182, 186, 187, 188, 201, 206, 210, 211, 215, 221, 225, 226, 227, 228, 230, 231, 237, 238, 245, 250, 251, 252, 295, 302, 303, 304, 305, 310, 311, 349, 350, 354, 357, 376, 381, 386, 398, 399, 405, 447, 454, 517, 523, 524, 531, 532, 533, 534, 539, 543, 559, 560, 561, 568, 573, 574, 611, 615, 619, 635, 673, 674, 682, 692, 693, 694, 695, 696, 697, 698, 699, 700, 701, 702, 703, 704, 705, 706, 707, 708, 709, 710, 711, 712, 713, 714, 715, 718, 719], "excluded_lines": []}, "": {"executed_lines": [1, 10, 12, 13, 14, 15, 17, 33, 34, 40, 41, 42, 44, 47, 48, 50, 73, 114, 169, 192, 259, 368, 395, 411, 509, 545, 585, 604, 626, 642, 655, 687, 722], "summary": {"covered_lines": 31, "num_statements": 31, "percent_covered": 100.0, "percent_covered_display": "100", "missing_lines": 0, "excluded_lines": 0}, "missing_lines": [], "excluded_lines": []}}}, "src/birre/cli/formatting.py": {"executed_lines": [1, 3, 5, 6, 8, 9, 10, 13, 23, 24, 26, 27, 28, 29, 30, 34, 42, 57, 59, 61, 64, 73, 74, 77, 89, 90, 92, 96, 97, 98, 99, 101, 104, 105, 106, 108, 111, 125, 126, 127, 128, 129, 131, 132, 135, 151, 152, 153, 154, 156, 157, 160, 169, 179, 201], "summary": {"covered_lines": 53, "num_statements": 71, "percent_covered": 74.64788732394366, "percent_covered_display": "75", "missing_lines": 18, "excluded_lines": 0}, "missing_lines": [58, 60, 91, 93, 188, 189, 190, 191, 192, 193, 194, 19
[...]
"percent_covered": 71.42857142857143, "percent_covered_display": "71", "missing_lines": 2, "excluded_lines": 0}, "missing_lines": [114, 122], "excluded_lines": []}, "classify_request_error": {"executed_lines": [133, 134, 144, 145, 146, 147, 149, 155], "summary": {"covered_lines": 8, "num_statements": 14, "percent_covered": 57.142857142857146, "percent_covered_display": "57", "missing_lines": 6, "excluded_lines": 0}, "missing_lines": [135, 136, 138, 139, 140, 142], "excluded_lines": []}, "": {"executed_lines": [1, 3, 5, 6, 7, 9, 11, 17, 18, 20, 21, 24, 25, 26, 28, 29, 30, 31, 34, 35, 37, 39, 50, 51, 54, 55, 58, 59, 62, 71, 72, 74, 76, 94, 104, 112, 126, 158], "summary": {"covered_lines": 33, "num_statements": 33, "percent_covered": 100.0, "percent_covered_display": "100", "missing_lines": 0, "excluded_lines": 0}, "missing_lines": [], "excluded_lines": []}}, "classes": {"ErrorCode": {"executed_lines": [], "summary": {"covered_lines": 0, "num_statements": 0, "percent_covered": 100.0, "percent_covered_display": "100", "missing_lines": 0, "excluded_lines": 0}, "missing_lines": [], "excluded_lines": []}, "ErrorContext": {"executed_lines": [], "summary": {"covered_lines": 0, "num_statements": 0, "percent_covered": 100.0, "percent_covered_display": "100", "missing_lines": 0, "excluded_lines": 0}, "missing_lines": [], "excluded_lines": []}, "BirreError": {"executed_lines": [46, 47, 48, 52, 56, 60, 63], "summary": {"covered_lines": 7, "num_statements": 7, "percent_covered": 100.0, "percent_covered_display": "100", "missing_lines": 0, "excluded_lines": 0}, "missing_lines": [], "excluded_lines": []}, "TlsCertificateChainInterceptedError": {"executed_lines": [77, 81, 82, 90, 91], "summary": {"covered_lines": 5, "num_statements": 5, "percent_covered": 100.0, "percent_covered_display": "100", "missing_lines": 0, "excluded_lines": 0}, "missing_lines": [], "excluded_lines": []}, "": {"executed_lines": [1, 3, 5, 6, 7, 9, 11, 17, 18, 20, 21, 24, 25, 26, 28, 29, 30, 31, 34, 35, 37, 39, 50, 51, 54, 55, 58, 59, 62, 71, 72, 74, 76, 94, 95, 96, 97, 98, 99, 100, 104, 105, 106, 107, 108, 112, 113, 115, 116, 121, 123, 126, 133, 134, 144, 145, 146, 147, 149, 155, 158], "summary": {"covered_lines": 56, "num_statements": 66, "percent_covered": 84.84848484848484, "percent_covered_display": "85", "missing_lines": 10, "excluded_lines": 0}, "missing_lines": [101, 109, 114, 122, 135, 136, 138, 139, 140, 142], "excluded_lines": []}}}, "src/birre/infrastructure/logging.py": {"executed_lines": [1, 3, 4, 5, 6, 7, 8, 10, 11, 12, 14, 16, 18, 21, 22, 25, 26, 27, 28, 29, 30, 54, 55, 57, 58, 59, 60, 61, 63, 64, 65, 66, 67, 68, 69, 76, 77, 78, 81, 84, 85, 86, 94, 95, 96, 97, 98, 99, 100, 102, 103, 104, 106, 107, 108, 109, 110, 111, 112, 114, 116, 119, 120, 127, 128, 129, 131, 132, 133, 135, 136, 139, 140, 141, 142, 151, 152, 153, 154, 157, 160, 161, 162, 164, 165, 167, 168, 177, 179, 180, 183, 184, 187, 188, 189, 190, 194, 195, 196, 198, 199, 200, 201, 209, 217, 218, 220, 221, 222, 223, 224, 226, 227, 228, 230, 233, 242, 243, 244, 245, 246, 247, 250, 259, 260, 270, 278, 279, 282], "summary": {"covered_lines": 126, "num_statements": 153, "percent_covered": 82.3529411764706, "percent_covered_display": "82", "missing_lines": 27, "excluded_lines": 6}, "missing_lines": [23, 34, 35, 36, 37, 39, 40, 41, 42, 51, 70, 71, 72, 73, 75, 87, 88, 89, 90, 91, 113, 115, 191, 203, 204, 205, 206], "excluded_lines": [31, 32, 48, 49, 77, 78], "functions": {"_prepare_utf8_stream": {"executed_lines": [22, 25, 26, 27, 28, 29, 30], "summary": {"covered_lines": 7, "num_statements": 17, "percent_covered": 41.1764705882353, "percent_covered_display": "41", "missing_lines": 10, "excluded_lines": 4}, "missing_lines": [23, 34, 35, 36, 37, 39, 40, 41, 42, 51], "excluded_lines": [31, 32, 48, 49]}, "Utf8StreamHandler.__init__": {"executed_lines": [58, 59, 60, 61], "summary": {"covered_lines": 4, "num_statements": 4, "percent_covered": 100.0, "percent_covered_display": "100", "missing_lines": 0, "excluded_lines": 0}, "missing_lines": [], "excluded_lines": []}, "Utf8StreamHandler.emit": {"executed_lines": [64, 65, 66, 67, 68, 69, 76, 77, 78], "summary": {"covered_lines": 7, "num_statements": 12, "percent_covered": 58.333333333333336, "percent_covered_display": "58", "missing_lines": 5, "excluded_lines": 2}, "missing_lines": [70, 71, 72, 73, 75], "excluded_lines": [77, 78]}, "_strip_exc_info": {"executed_lines": [84, 85, 86], "summary": {"covered_lines": 3, "num_statements": 8, "percent_covered": 37.5, "percent_covered_display": "38", "missing_lines": 5, "excluded_lines": 0}, "missing_lines": [87, 88, 89, 90, 91], "excluded_lines": []}, "_single_line_renderer": {"executed_lines": [95, 96, 97, 98, 99, 100, 102, 103, 104, 106, 107, 108, 109, 110, 111, 112, 114, 116], "summary": {"covered_lines": 18, "num_statements": 20, "percent_covered": 90.0, "percent_covered_display": "90", "missing_lines": 2, "excluded_lines": 0}, "missing_lines": [113, 115], "excluded_lines": []}, "_build_processors": {"executed_lines": [120, 127, 128, 129, 131, 132, 133, 135, 136], "summary": {"covered_lines": 9, "num_statements": 9, "percent_covered": 100.0, "percent_covered_display": "100", "missing_lines": 0, "excluded_lines": 0}, "missing_lines": [], "excluded_lines": []}, "_configure_structlog": {"executed_lines": [140, 141, 142], "summary": {"covered_lines": 3, "num_statements": 3, "percent_covered": 100.0, "percent_covered_display": "100", "missing_lines": 0, "excluded_lines": 0}, "missing_lines": [], "excluded_lines": []}, "_build_handler": {"executed_lines": [152, 153, 154], "summary": {"covered_lines": 3, "num_statements": 3, "percent_covered": 100.0, "percent_covered_display": "100", "missing_lines": 0, "excluded_lines": 0}, "missing_lines": [], "excluded_lines": []}, "configure_logging": {"executed_lines": [160, 161, 162, 164, 165, 167, 168, 177, 179, 180], "summary": {"covered_lines": 10, "num_statements": 10, "percent_covered": 100.0, "percent_covered_display": "100", "missing_lines": 0, "excluded_lines": 0}, "missing_lines": [], "excluded_lines": []}, "get_logger": {"executed_lines": [184], "summary": {"covered_lines": 1, "num_statements": 1, "percent_covered": 100.0, "percent_covered_display": "100", "missing_lines": 0, "excluded_lines": 0}, "missing_lines": [], "excluded_lines": []}, "_first_non_empty_str": {"executed_lines": [188, 189, 190], "summary": {"covered_lines": 3, "num_statements": 4, "percent_covered": 75.0, "percent_covered_display": "75", "missing_lines": 1, "excluded_lines": 0}, "missing_lines": [191], "excluded_lines": []}, "_extract_request_id": {"executed_lines": [195, 196, 198, 199, 200, 201], "summary": {"covered_lines": 6, "num_statements": 10, "percent_covered": 60.0, "percent_covered_display": "60", "missing_lines": 4, "excluded_lines": 0}, "missing_lines": [203, 204, 205, 206], "excluded_lines": []}, "attach_request_context": {"executed_lines": [217, 218, 220, 221, 222, 223, 224, 226, 227, 228, 230], "summary": {"covered_lines": 11, "num_statements": 11, "percent_covered": 100.0, "percent_covered_display": "100", "missing_lines": 0, "excluded_lines": 0}, "missing_lines": [], "excluded_lines": []}, "log_event": {"executed_lines": [242, 243, 244, 245, 246, 247], "summary": {"covered_lines": 6, "num_statements": 6, "percent_covered": 100.0, "percent_covered_display": "100", "missing_lines": 0, "excluded_lines": 0}, "missing_lines": [], "excluded_lines": []}, "log_search_event": {"executed_lines": [259, 260], "summary": {"covered_lines": 2, "num_statements": 2, "percent_covered": 100.0, "percent_covered_display": "100", "missing_lines": 0, "excluded_lines": 0}, "missing_lines": [], "excluded_lines": []}, "log_rating_event": {"executed_lines": [278, 279], "summary": {"covered_lines": 2, "num_statements": 2, "percent_covered": 100.0, "percent_covered_display": "100", "missing_lines": 0, "excluded_lines": 0}, "missing_lines": [], "excluded_lines": []}, "": {"executed_lines": [1, 3, 4, 5, 6, 7, 8, 10, 11, 12, 14, 16, 18, 21, 54, 55, 57, 63, 81, 94, 119, 139, 151, 157, 183, 187, 194, 209, 233, 250, 270, 282], "summary": {"covered_lines": 31, "num_statements": 31, "percent_covered": 100.0, "percent_covered_display": "100", "missing_lines": 0, "excluded_lines": 0}, "missing_lines": [], "excluded_lines": []}}, "classes": {"Utf8StreamHandler": {"executed_lines": [58, 59, 60, 61, 64, 65, 66, 67, 68, 69, 76, 77, 78], "summary": {"covered_lines": 11, "num_statements": 16, "percent_covered": 68.75, "percent_covered_display": "69", "missing_lines": 5, "excluded_lines": 2}, "missing_lines": [70, 71, 72, 73, 75], "excluded_lines": [77, 78]}, "": {"executed_lines": [1, 3, 4, 5, 6, 7, 8, 10, 11, 12, 14, 16, 18, 21, 22, 25, 26, 27, 28, 29, 30, 54, 55, 57, 63, 81, 84, 85, 86, 94, 95, 96, 97, 98, 99, 100, 102, 103, 104, 106, 107, 108, 109, 110, 111, 112, 114, 116, 119, 120, 127, 128, 129, 131, 132, 133, 135, 136, 139, 140, 141, 142, 151, 152, 153, 154, 157, 160, 161, 162, 164, 165, 167, 168, 177, 179, 180, 183, 184, 187, 188, 189, 190, 194, 195, 196, 198, 199, 200, 201, 209, 217, 218, 220, 221, 222, 223, 224, 226, 227, 228, 230, 233, 242, 243, 244, 245, 246, 247, 250, 259, 260, 270, 278, 279, 282], "summary": {"covered_lines": 115, "num_statements": 137, "percent_covered": 83.94160583941606, "percent_covered_display": "84", "missing_lines": 22, "excluded_lines": 4}, "missing_lines": [23, 34, 35, 36, 37, 39, 40, 41, 42, 51, 87, 88, 89, 90, 91, 113, 115, 191, 203, 204, 205, 206], "excluded_lines": [31, 32, 48, 49]}}}, "src/birre/integrations/__init__.py": {"executed_lines": [1, 3, 9, 16], "summary": {"covered_lines": 3, "num_statements": 3, "percent_covered": 100.0, "percent_covered_display": "100", "missing_lines": 0, "excluded_lines": 0}, "missing_lines": [], "excluded_lines": [], "functions": {"": {"executed_lines": [1, 3, 9, 16], "summary": {"covered_lines": 3, "num_statements": 3, "percent_covered": 100.0, "percent_covered_display": "100", "missing_lines": 0, "excluded_lines": 0}, "missing_lines": [], "excluded_lines": []}}, "classes": {"": {"executed_lines": [1, 3, 9, 16], "summary": {"covered_lines": 3, "num_statements": 3, "percent_covered": 100.0, "percent_covered_display": "100", "missing_lines": 0, "excluded_lines": 0}, "missing_lines": [], "excluded_lines": []}}}, "src/birre/integrations/bitsight/__init__.py": {"executed_lines": [1, 3, 9, 16], "summary": {"covered_lines": 3, "num_statements": 3, "percent_covered": 100.0, "percent_covered_display": "100", "missing_lines": 0, "excluded_lines": 0}, "missing_lines": [], "excluded_lines": [], "functions": {"": {"executed_lines": [1, 3, 9, 16], "summary": {"covered_lines": 3, "num_statements": 3, "percent_covered": 100.0, "percent_covered_display": "100", "missing_lines": 0, "excluded_lines": 0}, "missing_lines": [], "excluded_lines": []}}, "classes": {"": {"executed_lines": [1, 3, 9, 16], "summary": {"covered_lines": 3, "num_statements": 3, "percent_covered": 100.0, "percent_covered_display": "100", "missing_lines": 0, "excluded_lines": 0}, "missing_lines": [], "excluded_lines": []}}}, "src/birre/integrations/bitsight/client.py": {"executed_lines": [1, 3, 5, 6, 7, 8, 10, 11, 12, 13, 15, 16, 17, 20, 21, 24, 25, 28, 29, 32, 35, 36, 39, 40, 43, 44, 46, 47, 48, 49, 50, 51, 54, 55, 56, 57, 58, 59, 60, 64, 67, 68, 70, 71, 72, 74, 75, 81, 82, 83, 84, 85, 87, 88, 89, 92, 95, 96, 97, 102, 103, 104, 107, 111, 122, 124, 131, 134, 142, 143, 145, 152, 160, 161, 163, 170], "summary": {"covered_lines": 75, "num_statements": 88, "percent_covered": 85.22727272727273, "percent_covered_display": "85", "missing_lines": 13, "excluded_lines": 3}, "missing_lines": [22, 26, 30, 37, 41, 45, 61, 86, 113, 114, 115, 116, 120], "excluded_lines": [117, 118, 119], "functions": {"_get_schema_definitions": {"executed_lines": [21, 24, 25, 28, 29, 32], "summary": {"covered_lines": 6, "num_statements": 9, "percent_covered": 66.66666666666667, "percent_covered_display": "67", "missing_lines": 3, "excluded_lines": 0}, "missing_lines": [22, 26, 30], "excluded_lines": []}, "_iter_api_responses": {"executed_lines": [36, 39, 40, 43, 44, 46, 47, 48, 49, 50, 51], "summary": {"covered_lines": 11, "num_statements": 14, "percent_covered": 78.57142857142857, "percent_covered_display": "79", "missing_lines": 3, "excluded_lines": 0}, "missing_lines": [37, 41, 45], "excluded_lines": []}, "_schema_description": {"executed_lines": [55, 56, 57, 58, 59, 60], "summary": {"covered_lines": 6, "num_statements": 7, "percent_covered": 85.71428571428571, "percent_covered_display": "86", "missing_lines": 1, "excluded_lines": 0}, "missing_lines": [61], "excluded_lines": []}, "_convert_response": {"executed_lines": [67, 68, 70, 71, 72, 74, 75], "summary": {"covered_lines": 7, "num_statements": 7, "percent_covered": 100.0, "percent_covered_display": "100", "missing_lines": 0, "excluded_lines": 0}, "missing_lines": [], "excluded_lines": []}, "_wrap_schema_responses": {"executed_lines": [82, 83, 84, 85, 87, 88, 89], "summary": {"covered_lines": 7, "num_statements": 8, "percent_covered": 87.5, "percent_covered_display": "88", "missing_lines": 1, "excluded_lines": 0}, "missing_lines": [86], "excluded_lines": []}, "_load_api_spec": {"executed_lines": [95, 96, 97, 102, 103, 104], "summary": {"covered_lines": 6, "num_statements": 6, "percent_covered": 100.0, "percent_covered_display": "100", "missing_lines": 0, "excluded_lines": 0}, "missing_lines": [], "excluded_lines": []}, "_create_client": {"executed_lines": [111, 122, 124, 131], "summary": {"covered_lines": 4, "num_statements": 9, "percent_covered": 44.44444444444444, "percent_covered_display": "44", "missing_lines": 5, "excluded_lines": 3}, "missing_lines": [113, 114, 115, 116, 120], "excluded_lines": [117, 118, 119]}, "create_v1_api_server": {"executed_lines": [142, 143, 145], "summary": {"covered_lines": 3, "num_statements": 3, "percent_covered": 100.0, "percent_covered_display": "100", "missing_lines": 0, "excluded_lines": 0}, "missing_lines": [], "excluded_lines": []}, "create_v2_api_server": {"executed_lines": [160, 161, 163], "summary": {"covered_lines": 3, "num_statements": 3, "percent_covered": 100.0, "percent_covered_display": "100", "missing_lines": 0, "excluded_lines": 0}, "missing_lines": [], "excluded_lines": []}, "": {"executed_lines": [1, 3, 5, 6, 7, 8, 10, 11, 12, 13, 15, 16, 17, 20, 35, 54, 64, 81, 92, 107, 134, 152, 170], "summary": {"covered_lines": 22, "num_statements": 22, "percent_covered": 100.0, "percent_covered_display": "100", "missing_lines": 0, "excluded_lines": 0}, "missing_lines": [], "excluded_lines": []}}, "classes": {"": {"executed_lines": [1, 3, 5, 6, 7, 8, 10, 11, 12, 13, 15, 16, 17, 20, 21, 24, 25, 28, 29, 32, 35, 36, 39, 40, 43, 44, 46, 47, 48, 49, 50, 51, 54, 55, 56, 57, 58, 59, 60, 64, 67, 68, 70, 71, 72, 74, 75, 81, 82, 83, 84, 85, 87, 88, 89, 92, 95, 96, 97, 102, 103, 104, 107, 111, 122, 124, 131, 134, 142, 143, 145, 152, 160, 161, 163, 170], "summary": {"covered_lines": 75, "num_statements": 88, "percent_covered": 85.22727272727273, "percent_covered_display": "85", "missing_lines": 13, "excluded_lines": 3}, "missing_lines": [22, 26, 30, 37, 41, 45, 61, 86, 113, 114, 115, 116, 120], "excluded_lines": [117, 118, 119]}}}, "src/birre/integrations/bitsight/v1_bridge.py": {"executed_lines": [1, 3, 5, 6, 7, 8, 9, 10, 12, 13, 15, 19, 22, 25, 26, 27, 28, 29, 30, 33, 50, 76, 83, 84, 85, 86, 89, 94, 95, 98, 108, 111, 114, 115, 117, 119, 120, 121, 122, 130, 141, 142, 143, 146, 152, 153, 154, 155, 158, 163, 166, 207, 216, 235], "summary": {"covered_lines": 49, "num_statements": 77, "percent_covered": 63.63636363636363, "percent_covered_display": "64", "missing_lines": 28, "excluded_lines": 4}, "missing_lines": [36, 37, 38, 39, 42, 47, 53, 54, 55, 56, 57, 59, 60, 61, 62, 63, 64, 66, 69, 73, 109, 112, 127, 131, 134, 140, 144, 226], "excluded_lines": [154, 155, 158, 163], "functions": {"filter_none": {"executed_lines": [25, 26, 27, 28, 29, 30], "summary": {"covered_lines": 6, "num_statements": 6, "percent_covered": 100.0, "percent_covered_display": "100", "missing_lines": 0, "excluded_lines": 0}, "missing_lines": [], "excluded_lines": []}, "_parse_text_content": {"executed_lines": [], "summary": {"covered_lines": 0, "num_statements": 6, "percent_covered": 0.0, "percent_covered_display": "0", "missing_lines": 6, "excluded_lines": 0}, "missing_lines": [36, 37, 38, 39, 42, 47], "excluded_lines": []}, "_normalize_tool_result": {"executed_lines": [], "summary": {"covered_lines": 0, "num_statements": 14, "percent_covered": 0.0, "percent_covered_display": "0", "missing_lines": 14, "excluded_lines": 0}, "missing_lines": [53, 54, 55, 56, 57, 59, 60, 61, 62, 63, 64, 66, 69, 73], "excluded_lines": []}, "_log_tls_error": {"executed_lines": [83, 84, 85, 86, 89, 94, 95], "summary": {"covered_lines": 7, "num_statements": 7, "percent_covered": 100.0, "percent_covered_display": "100", "missing_lines": 0, "excluded_lines": 0}, "missing_lines": [], "excluded_lines": []}, "call_openapi_tool": {"executed_lines": [108, 111, 114, 115, 117, 119, 120, 121, 122, 130, 141, 142, 143, 146, 152, 153, 154, 155, 158, 163], "summary": {"covered_lines": 16, "num_statements": 23, "percent_covered": 69.56521739130434, "percent_covered_display": "70", "missing_lines": 7, "excluded_lines": 4}, "missing_lines": [109, 112, 127, 131, 134, 140, 144], "excluded_lines": [154, 155, 158, 163]}, "call_v1_openapi_tool": {"executed_lines": [207], "summary": {"covered_lines": 1, "num_statements": 1, "percent_covered": 100.0, "percent_covered_display": "100", "missing_lines": 0, "excluded_lines": 0}, "missing_lines": [], "excluded_lines": []}, "call_v2_openapi_tool": {"executed_lines": [], "summary": {"covered_lines": 0, "num_statements": 1, "percent_covered": 0.0, "percent_covered_display": "0", "missing_lines": 1, "excluded_lines": 0}, "missing_lines": [226], "excluded_lines": []}, "": {"executed_lines": [1, 3, 5, 6, 7, 8, 9, 10, 12, 13, 15, 19, 22, 33, 50, 76, 98, 166, 216, 235], "summary": {"covered_lines": 19, "num_statements": 19, "percent_covered": 100.0, "percent_covered_display": "100", "missing_lines": 0, "excluded_lines": 0}, "missing_lines": [], "excluded_lines": []}}, "classes": {"": {"executed_lines": [1, 3, 5, 6, 7, 8, 9, 10, 12, 13, 15, 19, 22, 25, 26, 27, 28, 29, 30, 33, 50, 76, 83, 84, 85, 86, 89, 94, 95, 98, 108, 111, 114, 115, 117, 119, 120, 121, 122, 130, 141, 142, 143, 146, 152, 153, 154, 155, 158, 163, 166, 207, 216, 235], "summary": {"covered_lines": 49, "num_statements": 77, "percent_covered": 63.63636363636363, "percent_covered_display": "64", "missing_lines": 28, "excluded_lines": 4}, "missing_lines": [36, 37, 38, 39, 42, 47, 53, 54, 55, 56, 57, 59, 60, 61, 62, 63, 64, 66, 69, 73, 109, 112, 127, 131, 134, 140, 144, 226], "excluded_lines": [154, 155, 158, 163]}}}, "src/birre/resources/__init__.py": {"executed_lines": [1, 3, 4, 6, 9], "summary": {"covered_lines": 4, "num_statements": 8, "percent_covered": 50.0, "percent_covered_display": "50", "missing_lines": 4, "excluded_lines": 0}, "missing_lines": [11, 12, 13, 14], "excluded_lines": [], "functions": {"iter_data_files": {"executed_lines": [], "summary": {"covered_lines": 0, "num_statements": 4, "percent_covered": 0.0, "percent_covered_display": "0", "missing_lines": 4, "excluded_lines": 0}, "missing_lines": [11, 12, 13, 14], "excluded_lines": []}, "": {"executed_lines": [1, 3, 4, 6, 9], "summary": {"covered_lines": 4, "num_statements": 4, "percent_covered": 100.0, "percent_covered_display": "100", "missing_lines": 0, "excluded_lines": 0}, "missing_lines": [], "excluded_lines": []}}, "classes": {"": {"executed_lines": [1, 3, 4, 6, 9], "summary": {"covered_lines": 4, "num_statements": 8, "percent_covered": 50.0, "percent_covered_display": "50", "missing_lines": 4, "excluded_lines": 0}, "missing_lines": [11, 12, 13, 14], "excluded_lines": []}}}}, "totals": {"covered_lines": 3182, "num_statements": 4405, "percent_covered": 72.2360953461975, "percent_covered_display": "72", "missing_lines": 1223, "excluded_lines": 128}}